1 -0.0203254 -0.0376822 0.554973 0.99998 -0.00136684 0.000639658 -0.00611059
52 -0.0142767 -0.040054 0.557256 0.999956 -0.000763206 -0.00493077 -0.00799867
181 -0.00137613 -0.035344 0.564579 0.999934 -0.00123454 0.0108899 -0.00352597
183 -0.00917604 -0.0378589 0.560361 0.999519 -0.00155664 0.0304049 -0.00584982
184 -0.0045729 -0.0400043 0.562319 0.99926 -0.000788972 0.037727 -0.00739298
185 -0.00743156 -0.0335043 0.561033 0.998655 -0.00252958 0.0517302 -0.00226609
186 -0.00939706 -0.0395705 0.559024 0.997673 -0.00112626 0.06781 -0.00699768
189 -0.00581541 -0.0359436 0.560253 0.994727 -0.00175497 0.10247 -0.00388005
190 -0.000755584 -0.0395255 0.561794 0.994331 -0.000893562 0.106109 -0.00685282
192 0.00118105 -0.0392972 0.561164 0.990459 -0.00206153 0.137624 -0.00686347
193 -0.0100314 -0.0400988 0.556403 0.988967 -0.00257091 0.14791 -0.00774639
199 -0.0101423 -0.0401553 0.55632 0.988949 -0.00255212 0.148029 -0.00778277
229 0.00432256 -0.0414537 0.563126 0.988841 -0.00111736 0.148728 -0.00847678
231 0.00180266 -0.0368602 0.562829 0.986814 -0.00200932 0.161781 -0.00449989
232 -0.0308827 0.033347 0.562532 0.978541 0.0086277 0.198031 0.0562739
233 0.00662651 -0.0384423 0.565854 0.984746 -0.00169257 0.173896 -0.00578537
236 0.00219341 -0.0414948 0.563697 0.978034 -0.0014825 0.208276 -0.00823794
237 0.0013259 -0.0344213 0.563474 0.975534 -0.00266047 0.219819 -0.00251705
240 0.00957295 -0.0296626 0.567355 0.969349 -0.00231971 0.245671 0.00171015
241 0.00353676 -0.032837 0.562945 0.965542 -0.00261482 0.260231 -0.00127424
244 0.000864998 -0.0374754 0.562036 0.95877 -0.00403842 0.284108 -0.00516469
246 0.00317254 -0.0348058 0.563323 0.956224 -0.00317127 0.292605 -0.00275857
322 0.0249183 -0.0427421 0.546108 0.967979 -0.00268597 0.250825 -0.00976164
324 0.0146237 -0.0352202 0.540247 0.967809 -0.00261114 0.251653 -0.00319148
333 0.0158633 -0.0344138 0.535783 0.981079 -0.00333424 0.19356 -0.00282861
389 0.0344317 -0.0389255 0.491582 0.981491 -0.00310271 0.191342 -0.00731954
393 0.0363778 -0.0391734 0.490548 0.981057 -0.00221256 0.193558 -0.00760195
411 0.0508938 -0.0374537 0.478677 0.981146 -0.00125876 0.193167 -0.0061075
414 0.0469418 -0.0380247 0.47414 0.978384 -0.00082505 0.206671 -0.00720197
421 0.0479996 -0.0361142 0.467603 0.975679 -0.00251136 0.219137 -0.00491996
435 0.0561555 -0.0375078 0.457201 0.975314 -0.00231701 0.220715 -0.006409
451 0.0560369 -0.0357334 0.445092 0.974767 -0.00255305 0.223156 -0.00483166
542 0.0864918 -0.0370353 0.384081 0.984897 -0.00231115 0.172976 -0.00723639
545 0.0871631 -0.0351316 0.382968 0.990156 -0.000608274 0.139867 -0.00520032
546 0.0872541 -0.0325392 0.382829 0.992043 0.000342008 0.125886 -0.00169411
549 0.0799223 -0.034287 0.383689 0.99381 -0.000311635 0.111013 -0.00418235
550 0.0826151 -0.0374412 0.382531 0.994744 -0.0011996 0.102068 -0.00807891
555 0.0840168 -0.035625 0.383086 0.997083 -0.00116808 0.0761076 -0.00572103
559 0.0858579 -0.0390433 0.383736 0.998009 -9.28879e-05 0.0622966 -0.00989108
567 0.0748649 -0.0387499 0.382102 0.9989 -0.000499283 0.0458648 -0.00969548
570 0.0763965 -0.0344784 0.381916 0.999694 -0.000292503 0.0243586 -0.00420649
572 0.0728474 -0.0366836 0.380417 0.999859 -0.000694024 0.0151762 -0.0072128
576 0.0756539 -0.0393496 0.382113 0.999941 0.000250391 -0.00296133 -0.0104338
608 0.0728104 -0.0392121 0.413372 0.999941 0.000154953 -0.00534174 -0.00946312
624 0.0750969 -0.0377361 0.429067 0.999904 -0.000390961 -0.0116146 -0.00753372
661 0.0749068 -0.0398243 0.468739 0.999847 5.95348e-05 -0.014929 -0.00914985
665 0.0771274 -0.0398558 0.473542 0.999864 -0.000430683 -0.0138666 -0.00896581
674 0.0763073 -0.0402255 0.479034 0.99971 -0.000707141 0.0223051 -0.00903078
675 0.0850962 -0.0443542 0.4802 0.999618 0.000800764 0.0242792 -0.01317
677 0.0891565 -0.0382366 0.484003 0.99912 -0.000321559 0.0413687 -0.00696301
678 0.0855101 -0.0329224 0.481933 0.998615 0.000218795 0.0525992 -0.00150969
680 0.0839892 -0.039088 0.482502 0.997899 -0.00081114 0.0642901 -0.0079758
700 0.0801976 -0.044788 0.482724 0.996051 -0.00240662 0.0877186 -0.0135286
708 0.0836464 -0.0443474 0.483464 0.995561 -0.00267099 0.0931882 -0.0129326
711 0.0790282 -0.0362092 0.485499 0.99496 -0.000409607 0.100153 -0.00493864
718 0.0882557 -0.0330032 0.488051 0.992791 -0.00161291 0.119838 -0.0015846
719 0.0884264 -0.0370275 0.487664 0.991112 -0.00142375 0.132907 -0.00559258
720 0.0879303 -0.0365436 0.488903 0.988956 -0.00120197 0.148118 -0.00506565
721 0.0904825 -0.0361044 0.489337 0.986579 -0.000496599 0.163211 -0.00488753
787 0.0782493 -0.025761 0.505234 0.995307 0.00196006 0.0966134 0.00504725
804 0.0705956 -0.0434984 0.503718 0.998809 0.00118791 -0.0473333 -0.0117719
805 0.0571871 -0.056571 0.500761 0.998292 -0.000176338 -0.0529115 -0.0247851
807 0.0612359 -0.0506536 0.500448 0.996487 0.000251491 -0.081581 -0.0189365
808 0.061535 -0.0400776 0.502859 0.99528 1.88464e-05 -0.0966363 -0.0089321
809 0.0614459 -0.043758 0.503083 0.992977 0.00191898 -0.117697 -0.0118877
810 0.0535662 -0.0390971 0.502056 0.991223 0.000840611 -0.131967 -0.00776215
811 0.0501512 -0.0414309 0.501611 0.988759 0.00187555 -0.149192 -0.00971871
887 0.0549187 -0.0435965 0.501155 0.991761 0.000879303 -0.127525 -0.012081
