1 4.77821 -0.720966 7.21122 -0.538309 0.00191944 0.842703 0.00846779
15 4.77836 -0.720149 7.21135 -0.538324 0.00184069 0.842694 0.00846298
167 4.77907 -0.746756 7.22242 -0.528848 0.00435176 0.84867 0.00773151
169 4.7721 -0.72994 7.20941 -0.520057 0.00251871 0.854083 0.00871211
170 4.80297 -0.731725 7.24131 -0.516651 0.00266854 0.85615 0.00849049
171 4.79716 -0.734119 7.25112 -0.509536 0.00295335 0.8604 0.00875968
172 4.82619 -0.73725 7.28518 -0.505717 0.00326795 0.862656 0.00805656
173 4.84138 -0.722632 7.30023 -0.497424 0.00172954 0.867464 0.00853922
174 4.78838 -0.723092 7.23788 -0.482273 0.00135822 0.875979 0.00852146
175 4.77232 -0.731402 7.23722 -0.473641 0.00209589 0.880677 0.00826432
176 4.79501 -0.715113 7.25459 -0.468522 0.000493502 0.883413 0.00820351
177 4.81011 -0.739228 7.26427 -0.463092 0.00280699 0.886273 0.0076618
178 4.83907 -0.731755 7.30395 -0.460656 0.00219535 0.887543 0.0076375
179 4.79153 -0.727735 7.27247 -0.450152 0.00166053 0.892911 0.00841642
180 4.81031 -0.746822 7.28571 -0.446604 0.0035094 0.894684 0.00856629
181 4.80239 -0.733985 7.2827 -0.441506 0.00215293 0.897214 0.00864403
182 4.8439 -0.752705 7.30128 -0.443834 0.00370147 0.896054 0.00922876
184 4.82183 -0.755183 7.28735 -0.438457 0.00394905 0.898698 0.00904243
191 4.80575 -0.732216 7.27518 -0.432013 0.00172275 0.901825 0.00862246
193 4.84103 -0.738494 7.311 -0.428437 0.00229279 0.903526 0.00882149
194 4.85026 -0.731085 7.31519 -0.423605 0.00154765 0.905805 0.00856326
195 4.85037 -0.72939 7.33471 -0.418957 0.00134316 0.907964 0.00859504
196 4.85534 -0.746403 7.33806 -0.412944 0.00301342 0.910708 0.00894883
197 4.82771 -0.746759 7.30525 -0.402022 0.00289029 0.915581 0.00907279
198 4.83889 -0.761892 7.3278 -0.396329 0.00441523 0.918054 0.00899727
199 4.89568 -0.72208 7.37695 -0.395068 0.000443684 0.918612 0.00855126
200 4.83725 -0.769407 7.32545 -0.378108 0.00493318 0.925701 0.00938756
201 4.86203 -0.757758 7.36027 -0.372793 0.00380442 0.927862 0.00907118
202 4.86509 -0.744138 7.36108 -0.364343 0.00232874 0.931219 0.00897855
203 4.87329 -0.774848 7.36356 -0.357035 0.00512384 0.934028 0.00954473
204 4.87983 -0.765956 7.36395 -0.35014 0.00424621 0.936643 0.00918608
206 4.9174 -0.773856 7.40645 -0.342424 0.00491753 0.939487 0.00931869
310 4.87815 -0.72969 7.35272 -0.416039 0.0013751 0.909306 0.00849587
313 4.8226 -0.72503 7.2978 -0.449207 0.00131738 0.893389 0.00823267
318 4.80733 -0.68894 7.24601 -0.529613 -0.00133252 0.848197 0.00832844
320 4.75976 -0.555118 7.2448 -0.563125 0.00327933 0.826337 -0.00683843
321 4.7511 -0.568837 7.2411 -0.578929 0.00421119 0.815346 -0.00585219
322 4.73436 -0.56826 7.18545 -0.591149 0.0039379 0.806531 -0.00599965
323 4.72984 -0.577966 7.17571 -0.60755 0.00449337 0.794251 -0.00535246
324 4.72331 -0.579375 7.14527 -0.621626 0.00453649 0.783282 -0.00541087
325 4.73563 -0.573857 7.17068 -0.637761 0.00377168 0.770205 -0.00554728
326 4.73603 -0.576694 7.13869 -0.649705 0.00444933 0.760147 -0.00641042
327 4.72186 -0.581077 7.10825 -0.660832 0.00509145 0.750485 -0.006916
328 4.72731 -0.589127 7.12797 -0.67665 0.00577205 0.736252 -0.00663812
329 4.7236 -0.561273 7.07127 -0.686282 0.00231441 0.727302 -0.00661372
330 4.72192 -0.59635 7.13041 -0.703833 0.0063161 0.710311 -0.00610912
331 4.72521 -0.566742 7.07398 0.71269 -0.00292928 -0.701439 0.00684197
332 4.72537 -0.57477 7.06195 0.726847 -0.00369678 -0.686751 0.00725316
333 4.72584 -0.574677 7.06013 0.740005 -0.00362011 -0.672553 0.00722074
334 4.76844 -0.635578 7.03536 0.752723 -0.00170245 -0.658334 0.000628098
335 4.73743 -0.558628 7.05253 0.76687 -0.00168406 -0.64176 0.0071373
336 4.73495 -0.596559 6.98189 0.775287 -0.00527649 -0.631548 0.00700206
337 4.74968 -0.620433 6.99834 0.789185 0.000642371 -0.614155 -0.000425932
338 4.76052 -0.636628 6.99784 0.795725 -0.00185359 -0.605656 -8.51193e-05
339 4.77923 -0.606381 6.98266 0.799098 0.000295141 -0.601196 0.00231436
340 4.75556 -0.630403 7.01311 0.804493 -0.00142537 -0.59396 0.000467319
341 4.75434 -0.626563 7.01779 0.808403 -0.000996322 -0.588628 0.000534167
342 4.75853 -0.62595 6.98094 0.809139 -0.000591333 -0.587617 0.000289036
343 4.76303 -0.637381 7.00963 0.812181 -0.00180086 -0.583403 8.96713e-05
344 4.76606 -0.629664 6.99278 0.813039 -0.000895797 -0.582209 0.000121868
345 4.76244 -0.635053 6.98119 0.81382 -0.00107218 -0.581116 -0.000321993
346 4.76614 -0.633286 6.98565 0.8157 -0.00156683 -0.578473 0.000547155
347 4.77621 -0.628794 6.97463 0.816467 -0.00130462 -0.57739 0.000854378
348 4.79679 -0.567217 6.97683 0.817582 -6.64615e-05 -0.575795 0.00442653
349 4.72274 -0.633488 7.00649 0.821925 0.000121419 -0.569596 0.000508159
350 4.76538 -0.627931 6.97229 0.821524 -0.000815862 -0.570173 0.000568714
351 4.78557 -0.640384 6.96429 0.822778 -0.00199531 -0.56836 0.000171722
353 4.83494 -0.618517 6.88549 0.823305 -0.000327346 -0.567598 0.0013349
354 4.79505 -0.633717 6.94941 0.828123 -0.000874447 -0.560546 -1.71039e-05
355 4.83952 -0.62266 6.90657 0.82788 3.48312e-05 -0.560905 0.00113323
356 4.77334 -0.642956 6.94088 0.832397 -0.000224977 -0.554181 -7.34399e-05
357 4.77451 -0.630168 6.95901 0.834685 -0.000416867 -0.550727 0.000785968
358 4.78807 -0.632743 6.93945 0.836616 -0.00171316 -0.547787 0.00116086
359 4.7717 -0.648327 6.96027 0.839823 -0.000498225 -0.54286 -0.000287434
360 4.80063 -0.620801 6.95011 0.841508 -0.00059046 -0.540243 0.00139594
361 4.78282 -0.622538 6.95078 0.842963 -0.000114025 -0.537972 0.000513378
362 4.79894 -0.636328 6.92394 0.84337 -0.000957771 -0.537332 -0.000377713
363 4.80356 -0.630572 6.90375 0.843742 -0.000691761 -0.536749 0.000171087
364 4.82943 -0.625111 6.90323 0.844576 -0.000510084 -0.535434 0.00102752
365 4.82943 -0.625111 6.90323 0.844576 -0.000510089 -0.535434 0.00102752
369 4.79433 -0.630908 6.9501 0.843776 -0.000698596 -0.536695 4.64753e-05
372 4.81318 -0.599595 6.93321 0.834417 7.00802e-05 -0.551127 0.00257598
373 4.82139 -0.634435 6.91281 0.830421 -0.000222949 -0.557137 0.000456149
376 4.74226 -0.615127 7.01649 0.819829 0.000581607 -0.572606 0.00168854
377 4.76333 -0.626499 6.99177 0.812311 -0.000448584 -0.583224 1.73064e-05
378 4.74924 -0.629027 7.0179 0.807684 -0.00121983 -0.589614 0.000464259
379 4.74489 -0.627963 7.02137 0.801912 0.00037217 -0.59744 -0.00103567
380 4.75839 -0.637326 6.97559 0.794299 -0.000497795 -0.607526 -0.00114555
382 4.5769 -0.668174 7.2116 0.797406 -0.000863304 -0.60344 -0.00189982
383 4.75674 -0.627719 7.01856 0.785853 6.66627e-05 -0.618413 -0.000429716
384 4.75571 -0.619588 7.01811 0.784418 0.000622488 -0.620232 5.04537e-05
385 4.75997 -0.615053 7.01225 0.783288 0.000836693 -0.621658 0.000342924
386 4.78174 -0.524008 7.03745 0.783113 0.000987593 -0.621834 0.00749723
389 4.74943 -0.624132 7.01573 0.785166 0.000683207 -0.619285 -0.000736605
391 4.75832 -0.614638 6.99897 0.78586 0.000968596 -0.618403 0.000303012
392 4.77606 -0.634384 6.98298 0.786079 -0.00020728 -0.618126 -0.00103942
393 4.75482 -0.620012 7.00408 0.788552 0.0011059 -0.614967 -0.000652767
396 4.75598 -0.619734 6.99346 0.791996 0.00128993 -0.610524 -0.00103129
397 4.77853 -0.612341 6.97744 0.792349 0.00126763 -0.610067 0.000257801
398 4.75335 -0.632393 6.98558 0.794242 0.000495084 -0.607599 -0.00163252
402 4.57518 -0.714256 7.1878 0.810844 -0.00182866 -0.585242 -0.00457021
404 4.7484 -0.620305 7.0241 0.805046 0.000581713 -0.593211 -0.000379922
409 4.75262 -0.628669 7.01388 0.81193 -0.000760979 -0.583755 7.54517e-05
412 4.76193 -0.637479 7.00089 0.814171 -0.00132991 -0.580623 -0.000389389
421 4.77069 -0.629603 6.96742 0.811925 -0.00154746 -0.583758 0.000918354
429 4.72379 -0.649533 7.03776 0.785851 -0.00082044 -0.618415 -0.000656632
430 4.73062 -0.590659 6.98547 0.774965 -0.00468997 -0.631948 0.00705401
431 4.73286 -0.573449 7.02575 0.76866 -0.00298724 -0.639614 0.00681925
432 4.73412 -0.556237 7.06815 0.762359 -0.00146443 -0.647115 0.00694322
433 4.76167 -0.64217 7.05386 0.752865 -0.00230159 -0.65817 0.00032964
434 4.72793 -0.587623 7.01537 0.743223 -0.00466742 -0.668991 0.0069906
435 4.71539 -0.554363 7.02713 0.736751 -0.00148615 -0.676121 0.00748092
436 4.72365 -0.581005 7.04605 0.73193 -0.00403523 -0.681337 0.00650025
437 4.72431 -0.583653 7.03535 0.727251 -0.0043017 -0.686327 0.0066045
440 4.72475 -0.567027 7.05461 0.721849 -0.00268823 -0.692013 0.00674577
441 4.73056 -0.593041 7.08715 0.723026 -0.00551303 -0.690771 0.00627515
442 4.72442 -0.576701 7.06647 0.720997 -0.0037274 -0.692898 0.00648115
452 4.73012 -0.567086 7.05164 0.725948 -0.00273865 -0.687709 0.00692741
469 4.73518 -0.556879 7.07469 0.737582 -0.00194101 -0.67521 0.00776336
470 4.72663 -0.562338 7.06417 0.739323 -0.00219027 -0.67331 0.00706208
471 4.72099 -0.566594 7.05121 0.739368 -0.0027735 -0.673257 0.00726786
472 4.7281 -0.566455 7.06014 0.741559 -0.00305819 -0.67083 0.00823819
473 4.72018 -0.583885 7.00559 0.739611 -0.00454453 -0.672976 0.00760032
474 4.71574 -0.550828 7.11312 0.750646 0.000610435 -0.66068 0.00568125
476 4.72811 -0.604614 7.04708 0.759805 -0.00632048 -0.650096 0.00560853
477 4.72529 -0.565369 7.01561 0.76112 -0.00234705 -0.648569 0.00693736
480 4.72721 -0.586561 7.02537 0.765988 -0.00459285 -0.642801 0.00693718
482 4.73384 -0.570735 7.02514 0.769219 -0.00263389 -0.638947 0.00645273
483 4.73636 -0.565227 7.0329 0.771021 -0.00217998 -0.636767 0.00703198
485 4.72738 -0.571319 6.98975 0.770989 -0.00250221 -0.636809 0.00669517
486 4.73091 -0.587186 6.98707 0.773778 -0.00443748 -0.633398 0.00739269
489 4.76406 -0.634467 7.00203 0.779627 -0.000731669 -0.626244 -0.000454901
490 4.75469 -0.631404 7.01011 0.781367 -0.000715025 -0.624072 0.00013376
492 4.7561 -0.659863 6.99021 0.782805 -0.000966978 -0.622264 -0.0014207
499 4.746 -0.634671 7.0157 0.804339 -0.00109186 -0.59417 -0.000453056
500 4.74806 -0.637072 7.00772 0.805692 -0.00166013 -0.592332 -0.000121369
503 4.7762 -0.62364 6.99336 0.814727 -0.000907973 -0.579844 0.000881138
504 4.76784 -0.62248 6.9477 0.815851 6.06212e-05 -0.578262 0.000935963
508 4.75217 -0.635846 6.9721 0.823757 -0.000242219 -0.566943 0.000277497
509 4.78215 -0.628453 6.95336 0.824638 -0.00115192 -0.565659 0.000901313
511 4.77729 -0.611627 6.95872 0.829171 -0.00059367 -0.558992 0.00174927
512 4.78477 -0.644432 6.96629 0.831838 -0.00227969 -0.555013 0.000257521
514 4.79184 -0.641677 6.94526 0.835052 -0.00196924 -0.550167 8.82602e-05
516 4.80409 -0.629857 6.91371 0.839041 -0.00125688 -0.544066 0.00106511
519 4.78833 -0.644413 6.93976 0.848971 -0.000252593 -0.528439 -9.91061e-06
520 4.81479 -0.613679 6.89715 0.850382 -0.000821175 -0.526162 0.00185787
521 4.804 -0.615957 6.93102 0.854768 -0.000301502 -0.519007 0.0017871
522 4.80248 -0.61622 6.91606 0.857911 -0.000334168 -0.513796 0.00177408
523 4.75345 -0.632549 6.97852 0.862602 0.000526349 -0.505882 0.000827299
524 4.77104 -0.634929 6.95434 0.865773 5.30745e-05 -0.500436 0.00067721
525 4.79706 -0.650735 6.9238 0.867342 -0.00223821 -0.497707 -0.000794872
526 4.82549 -0.630491 6.90078 0.86814 -0.000562855 -0.496317 0.000876321
527 4.80211 -0.628972 6.91754 0.873031 -0.00123202 -0.487662 0.000983346
528 4.80533 -0.633921 6.91419 0.874832 -0.00160453 -0.484424 0.000637038
529 4.82442 -0.627663 6.86749 0.875503 -0.00078665 -0.483211 0.00059043
530 4.81788 -0.57569 6.902 0.879674 0.000404842 -0.475558 0.00409935
531 4.83049 -0.63232 6.8612 0.882231 -0.00103791 -0.470816 0.000229237
532 4.83196 -0.625432 6.87558 0.886961 -0.000981774 -0.461841 0.0013435
533 4.84895 -0.622991 6.85759 0.891543 -0.000822788 -0.452932 0.00160234
534 4.84748 -0.622345 6.85685 0.896521 -0.000663697 -0.442998 0.00131883
535 4.85357 -0.644634 6.84299 0.901314 -0.0019538 -0.433161 -0.000331758
536 4.8872 -0.600735 6.83389 0.906673 0.000713574 -0.421827 0.00258283
537 4.90063 -0.66275 6.81176 0.911761 -0.000112144 -0.41072 -0.000995479
538 4.85604 -0.6457 6.86218 0.919272 -0.000164041 -0.393623 0.000145238
539 4.9745 -0.710092 6.7139 0.922569 -0.00411528 -0.385804 -0.00213953
540 4.93533 -0.640075 6.7943 0.929938 -0.000261836 -0.367716 0.000652425
541 4.95221 -0.754747 6.71127 0.934828 -0.00409145 -0.355037 -0.00530661
542 4.97829 -0.696811 6.71685 0.941436 -0.00425999 -0.337163 -0.000723794
543 4.91384 -0.620611 6.83303 0.949835 0.000487994 -0.312746 0.00161979
544 4.94528 -0.638062 6.79773 0.954784 0.000477422 -0.297299 0.000497797
545 4.94012 -0.623896 6.79326 0.958798 0.000529773 -0.284085 0.00137557
546 4.91026 -0.657664 6.80837 0.963188 0.000121075 -0.268829 -0.000705516
547 5.17305 -0.694252 6.58961 0.960717 -0.00352566 -0.277509 -0.000378115
548 4.98511 -0.57301 6.77302 0.968287 0.00556788 -0.249766 0.00243863
549 4.90413 -0.604893 6.87509 0.973067 0.00142938 -0.230511 0.00182994
550 5.03368 -0.56284 6.75732 0.972384 0.00507939 -0.233312 0.00311331
551 5.02356 -0.531919 6.77142 0.974591 0.0039898 -0.223873 0.00604618
552 5.02962 -0.574688 6.75913 0.976341 0.00619074 -0.216134 0.00225546
553 5.00922 -0.56262 6.76421 0.978375 0.0048606 -0.206759 0.00317959
554 5.04223 -0.56067 6.75356 0.978881 0.00495559 -0.204343 0.00323164
555 5.0697 -0.55672 6.75515 0.979496 0.00516712 -0.201363 0.00369784
556 5.05827 -0.578636 6.74962 0.980634 0.00542527 -0.195767 0.00145514
557 5.03704 -0.641545 6.76235 0.981599 0.000777192 -0.190953 0.000142176
559 5.03453 -0.563993 6.76178 0.982489 0.00296164 -0.186251 0.00410096
574 5.07985 -0.550916 6.74641 0.980293 0.00502927 -0.197441 0.0041383
578 5.06317 -0.552899 6.75325 0.978526 0.0048486 -0.206025 0.00399899
580 5.01 -0.568612 6.75541 0.974943 0.00270774 -0.222408 0.00367473
582 4.96154 -0.636712 6.77774 0.96912 -0.000162031 -0.246588 0.000741561
584 5.06776 -0.741337 6.64236 0.96307 -0.00446833 -0.269187 -0.00377875
587 5.13465 -0.721772 6.61612 0.959695 -0.0034067 -0.281011 -0.00240452
588 4.92625 -0.647401 6.79631 0.963917 0.000420956 -0.266203 -0.00014992
589 4.98378 -0.624615 6.75791 0.961928 0.000648521 -0.2733 0.00124274
590 4.97069 -0.642151 6.77683 0.961504 0.000135774 -0.27479 0.000346329
593 4.96692 -0.66377 6.77722 0.960786 0.000208266 -0.277289 -0.0010729
601 4.97486 -0.646588 6.76293 0.960182 0.000745422 -0.279373 -0.000167511
602 4.94849 -0.63614 6.79394 0.960162 0.000356472 -0.279442 0.0006655
603 4.94282 -0.623393 6.79773 0.959545 0.000602303 -0.281553 0.00138418
605 4.93192 -0.644476 6.80728 0.95756 0.000399943 -0.288235 0.000137972
606 4.94096 -0.667502 6.79407 0.956484 0.000292765 -0.291783 -0.00130699
608 4.96498 -0.596948 6.75865 0.954475 0.00122058 -0.298277 0.00279948
609 4.93021 -0.640877 6.80407 0.953777 0.000781305 -0.300516 0.000220246
610 4.94037 -0.611424 6.80347 0.950539 0.000901903 -0.310596 0.00203909
611 4.91581 -0.634941 6.81853 0.94965 0.0003135 -0.313312 0.000771044
612 4.94098 -0.698677 6.76532 0.947497 -0.00108484 -0.319748 -0.00313861
613 4.93719 -0.681882 6.77628 0.9467 -0.000844452 -0.32211 -0.00202819
614 4.96711 -0.599622 6.77281 0.945201 0.000716223 -0.326475 0.00279092
615 4.93459 -0.62037 6.80577 0.944605 0.000394426 -0.328205 0.00165099
617 4.90072 -0.64416 6.84336 0.94382 -1.63648e-05 -0.330461 0.000296625
618 4.9173 -0.614566 6.83267 0.942443 0.000547252 -0.334362 0.00187992
619 4.90721 -0.629994 6.84193 0.9416 0.000320817 -0.336731 0.0010505
620 5.001 -0.582709 6.75763 0.938341 0.00112351 -0.34569 0.00372904
621 4.92862 -0.628996 6.81567 0.939537 1.36578e-05 -0.342446 0.00120564
622 4.97087 -0.745458 6.70055 0.936215 -0.00411175 -0.351375 -0.00450234
623 4.92308 -0.601071 6.82088 0.937623 0.000947908 -0.347642 0.00265862
624 4.97775 -0.625479 6.74863 0.93481 0.000730125 -0.355147 0.00115737
626 4.88557 -0.72384 6.79941 0.935093 -0.00344855 -0.354357 -0.00447779
627 4.98803 -0.810982 6.69367 0.930992 -0.00380496 -0.364899 -0.0093891
628 4.89464 -0.684342 6.82012 0.933164 -9.7604e-05 -0.359445 -0.00211995
629 5.01218 -0.781843 6.66576 0.927868 -0.00348476 -0.372819 -0.00738147
630 4.86755 -0.704504 6.84472 0.932029 -0.000690049 -0.362369 -0.00317967
632 4.87827 -0.656364 6.8485 0.929622 -0.000194765 -0.368513 -0.000350559
633 4.99572 -0.764796 6.68556 0.92416 -0.00382266 -0.381938 -0.00615576
634 4.93418 -0.726662 6.72802 0.925025 -0.00397617 -0.37987 -0.00337045
635 4.93797 -0.617414 6.7836 0.923564 0.000275822 -0.383442 0.00162166
636 4.85279 -0.641283 6.87313 0.924761 -0.000331519 -0.380549 0.000605289
637 4.92482 -0.625506 6.80295 0.920923 0.000319365 -0.389743 0.00128081
638 4.87265 -0.61077 6.84182 0.921011 0.000209411 -0.389531 0.00221585
639 4.96444 -0.721632 6.7112 0.915926 -0.00373682 -0.401318 -0.00305132
640 4.95281 -0.626537 6.77586 0.915979 0.000123681 -0.401224 0.00121655
641 4.91158 -0.631799 6.80447 0.916096 -0.000258615 -0.400958 0.00097373
642 4.9422 -0.651428 6.78444 0.913696 -0.000949891 -0.406397 -9.40699e-05
643 4.90052 -0.719731 6.78424 0.913457 -0.00453818 -0.4069 -0.00287101
645 4.82199 -0.666126 6.88452 0.914092 -0.000195301 -0.405506 -0.00115901
646 4.88176 -0.631363 6.84724 0.911061 0.000394174 -0.412271 0.000828437
647 4.8824 -0.638312 6.8304 0.909748 0.000404279 -0.415162 0.000367872
649 4.90271 -0.648752 6.82295 0.908197 2.16092e-07 -0.418543 -0.000187503
664 4.8574 -0.648062 6.86283 0.909786 -0.000442364 -0.415078 -4.11501e-05
666 4.89389 -0.624704 6.85273 0.908954 0.000144559 -0.416894 0.00128779
670 4.90333 -0.645443 6.85565 0.909208 2.69555e-05 -0.416342 5.08516e-05
672 4.877 -0.648865 6.87917 0.910182 -0.000178073 -0.414208 -7.64408e-05
674 4.87395 -0.644172 6.89744 0.9105 -4.62878e-05 -0.413509 0.00019511
675 4.95835 -0.618351 6.86229 0.908391 -0.000925081 -0.418116 0.00192905
676 4.96472 -0.618691 6.85444 0.908149 -0.00101037 -0.41864 0.00192333
677 4.92434 -0.731114 6.8346 0.908941 -0.00423671 -0.416886 -0.00370039
681 4.9443 -0.72386 6.84788 0.909115 -0.00401408 -0.416514 -0.00314196
682 4.96576 -0.715806 6.84199 0.908757 -0.00417098 -0.417297 -0.002565
683 4.9397 -0.639653 6.92943 0.910464 0.000514838 -0.413587 0.000388366
684 4.92922 -0.620934 6.94546 0.910982 0.000411233 -0.412442 0.00158397
686 4.97935 -0.60886 6.92877 0.910047 0.000908346 -0.414498 0.00220412
687 4.96856 -0.61777 6.93395 0.910838 0.000524452 -0.41276 0.00173909
688 4.93939 -0.634321 6.97874 0.912538 0.000328271 -0.408991 0.000828977
689 4.9627 -0.624589 6.96827 0.912491 0.000540207 -0.409094 0.00139588
690 4.98559 -0.652379 6.96182 0.912189 0.000361067 -0.40977 -0.000215891
692 4.98964 -0.699909 6.98473 0.912529 -0.000870889 -0.409002 -0.00273092
693 5.00046 -0.668087 6.98553 0.912336 -0.000705804 -0.40944 -0.000886694
695 4.98218 -0.652635 6.97267 0.912892 -0.00100577 -0.4082 -0.00028557
696 4.99754 -0.659204 6.96794 0.912742 -0.000724122 -0.408535 -0.000763594
697 5.02882 -0.646254 6.96705 0.912485 -0.000677422 -0.409108 2.1404e-05
698 5.0458 -0.622495 6.96194 0.912443 -0.000304049 -0.409201 0.00145298
700 5.01926 -0.613752 7.02402 0.914533 0.000228935 -0.404506 0.00209942
702 5.13462 -0.632385 6.91428 0.912136 0.000165917 -0.409887 0.000801002
703 5.12512 -0.656333 6.90386 0.913177 -0.000251232 -0.407562 -0.000685394
704 5.10774 -0.643907 6.9408 0.9141 -0.000347261 -0.405488 0.000108342
705 5.08961 -0.62107 6.981 0.915295 -0.000956987 -0.402779 0.00165908
708 5.10895 -0.691327 6.98239 0.916135 -0.000667231 -0.400861 -0.00253439
709 5.1238 -0.578789 6.9877 0.916098 0.00139456 -0.400934 0.00385779
710 5.14379 -0.689598 6.9597 0.915634 -0.000777135 -0.402005 -0.00238797
711 5.15864 -0.658871 6.97912 0.915834 -0.00168788 -0.401552 -0.000355745
712 5.12956 -0.664393 7.04155 0.917719 -0.0018236 -0.397226 -0.000568708
714 5.13244 -0.651999 7.00813 0.917366 -0.000934296 -0.398044 -0.000317967
715 5.16471 -0.661389 6.95638 0.916631 -0.00456615 -0.399706 0.00143528
718 5.17032 -0.639793 7.03005 0.918905 -0.000937894 -0.394478 0.00069827
719 5.14496 -0.645195 7.05155 0.920646 -0.000929041 -0.390397 0.000391653
720 5.20824 -0.623901 7.00485 0.919352 0.000619287 -0.393435 0.00110234
721 5.16321 -0.631783 7.04487 0.921262 -0.000636336 -0.388941 0.00113123
722 5.19916 -0.739051 6.98736 0.920907 -0.00393918 -0.389743 -0.00381518
723 5.20225 -0.68694 7.03092 0.922229 -0.000867001 -0.386639 -0.00202305
724 5.183 -0.589146 7.07631 0.923905 0.000975784 -0.382605 0.00331341
725 5.23726 -0.70362 6.99722 0.922891 -0.0038217 -0.38504 -0.00134015
726 5.2387 -0.736103 7.00164 0.923626 -0.00360997 -0.383261 -0.00359449
727 5.17872 -0.700563 7.13729 0.926387 -0.000888775 -0.376563 -0.00266182
728 5.19874 -0.676663 7.16933 0.926477 -0.000977484 -0.376347 -0.0012107
730 5.19814 -0.67079 7.17132 0.92652 -0.000752742 -0.376244 -0.00101531
731 5.2307 -0.685631 7.15862 0.925684 -0.000714692 -0.378292 -0.00210877
732 5.30091 -0.614474 7.09725 0.923691 -0.00060635 -0.383132 0.00209657
733 5.2647 -0.624835 7.12018 0.924583 -0.000633795 -0.380977 0.0014967
734 5.21085 -0.65509 7.19988 0.927658 -0.000395743 -0.373431 -0.000189263
735 5.27737 -0.621574 7.12545 0.926694 -0.000701264 -0.375811 0.0017248
736 5.3195 -0.7029 7.05637 0.925611 -0.00405178 -0.378452 -0.0012661
737 5.27106 -0.61404 7.14128 0.927486 -0.000612701 -0.373852 0.00215675
738 5.32384 -0.652594 7.12531 0.92647 0.000140608 -0.376368 -0.000241101
740 5.31929 -0.65326 7.17981 0.927102 -0.000963995 -0.374807 7.011e-06
741 5.33398 -0.619684 7.18177 0.927049 0.000575171 -0.374937 0.00150976
743 5.34667 -0.679975 7.19565 0.927085 -6.5536e-05 -0.374847 -0.00180468
744 5.3308 -0.718063 7.22182 0.927661 -0.00104735 -0.373403 -0.00375903
745 5.39466 -0.776039 7.15064 0.925886 -0.00354532 -0.377736 -0.0061081
746 5.42344 -0.673163 7.18152 0.925694 -0.000716262 -0.37827 -0.0013213
747 5.30093 -0.676735 7.298 0.928939 -2.96028e-05 -0.370225 -0.00231398
752 5.40291 -0.686577 7.26059 0.928895 -0.000666103 -0.37034 -0.00165924
753 5.38139 -0.675321 7.32297 0.930692 -0.000852967 -0.365801 -0.00113545
754 5.46042 -0.631902 7.24786 0.929865 -8.34775e-05 -0.367899 0.001039
755 5.4119 -0.708867 7.31057 0.93262 -0.000790858 -0.360846 -0.00303749
756 5.42794 -0.745718 7.2729 0.932376 -0.00464058 -0.361436 -0.0041977
757 5.39495 -0.701959 7.3731 0.934075 -0.00106325 -0.357067 -0.00248863
758 5.461 -0.693618 7.25438 0.931785 -0.00418872 -0.362986 -0.000312511
759 5.49725 -0.722145 7.24386 0.93098 -0.00382347 -0.365045 -0.00219608
760 5.48659 -0.655279 7.31605 0.932071 0.00106089 -0.362275 -0.000662825
761 5.47086 -0.591965 7.3086 0.932281 0.00128232 -0.361721 0.00275729
763 5.45176 -0.627596 7.37297 0.933338 0.000247202 -0.358996 0.00105009
764 5.4612 -0.713867 7.36293 0.932818 -0.00230158 -0.360306 -0.00501109
765 5.47585 -0.604589 7.36198 0.933036 -0.000635925 -0.359772 0.0025729
767 5.52585 -0.652005 7.35034 0.933312 -0.000401818 -0.359066 -7.90466e-05
768 5.58838 -0.734091 7.29285 0.932543 -0.00397676 -0.361025 -0.00302039
769 5.53965 -0.736896 7.32061 0.9344 -0.00421011 -0.356186 -0.00319599
770 5.58574 -0.647317 7.316 0.93405 -0.000637401 -0.357142 3.545e-05
771 5.53012 -0.583239 7.38643 0.936067 0.000144106 -0.351803 0.0036288
773 5.59194 -0.723034 7.30096 0.934837 -0.00374461 -0.355052 -0.00220479
774 5.51835 -0.602309 7.40502 0.9376 0.000591999 -0.347706 0.00244448
775 5.56222 -0.577012 7.38833 0.937385 0.000427984 -0.348273 0.00392021
776 5.57436 -0.593773 7.37308 0.937798 0.00062976 -0.347169 0.00295658
777 5.50366 -0.578801 7.43583 0.940171 4.91727e-05 -0.340681 0.00392571
778 5.56394 -0.610254 7.38443 0.939408 -0.000150896 -0.342794 0.00212483
779 5.55116 -0.620409 7.39804 0.940217 0.000330598 -0.340571 0.00155235
780 5.54723 -0.620094 7.39592 0.941135 0.000243174 -0.338028 0.00158867
781 5.57083 -0.597205 7.39235 0.941082 0.000654478 -0.338167 0.00273708
782 5.56781 -0.597126 7.38911 0.941458 0.000551823 -0.33712 0.00276156
783 5.55879 -0.585872 7.41433 0.942297 0.000701512 -0.334761 0.0033654
784 5.62477 -0.564098 7.36355 0.941466 0.000778035 -0.337076 0.00456871
785 5.55897 -0.622501 7.42381 0.943346 0.000658128 -0.331808 0.00131886
786 5.63642 -0.712994 7.32477 0.941853 -0.0040979 -0.335997 -0.00165921
787 5.59717 -0.614212 7.40357 0.94385 0.000882136 -0.330369 0.00173439
788 5.6639 -0.728881 7.31394 0.942451 -0.00474131 -0.334302 -0.00248589
789 5.61942 -0.593526 7.40236 0.944462 0.000821129 -0.328606 0.00295035
790 5.62435 -0.57196 7.39947 0.944899 -0.000170763 -0.327332 0.00445122
791 5.60966 -0.62661 7.40277 0.945733 0.000699201 -0.324942 0.00108832
792 5.60327 -0.634387 7.42303 0.946612 -3.8307e-07 -0.322372 0.000922577
793 5.65455 -0.628283 7.37591 0.946137 0.00074509 -0.323764 0.00099195
794 5.63982 -0.654081 7.40211 0.94704 0.000112713 -0.321117 -0.000240278
796 5.59879 -0.569615 7.46138 0.950085 0.00508191 -0.311938 0.00251216
797 5.60426 -0.558764 7.46276 0.951659 0.00451438 -0.307106 0.00317472
798 5.61873 -0.493486 7.48297 0.952661 0.00245857 -0.303956 0.00654004
799 5.6456 -0.550675 7.45827 0.952224 0.00442456 -0.305345 0.00378595
800 5.69059 -0.577886 7.41874 0.952023 0.00126411 -0.306003 0.00366772
801 5.62138 -0.522307 7.49265 0.955063 0.00379764 -0.296334 0.00506694
802 5.70762 -0.567437 7.42409 0.953559 0.00157583 -0.301175 0.00393918
803 5.64003 -0.556678 7.48714 0.95516 0.00492671 -0.296031 0.00329219
806 5.70219 -0.638198 7.46592 0.955591 2.57723e-05 -0.294695 0.000673005
807 5.6181 -0.505454 7.52251 0.958441 0.00316706 -0.285174 0.00747259
808 5.65041 -0.508522 7.51614 0.95927 0.00245458 -0.282391 0.00710673
809 5.67597 -0.527942 7.50873 0.960585 0.00373154 -0.277907 0.00555803
810 5.71228 -0.55668 7.49443 0.960657 0.0052051 -0.277684 0.00121001
813 5.68545 -0.553797 7.52322 0.962038 0.0046841 -0.272852 0.0035043
814 5.67489 -0.552188 7.51621 0.962841 0.00489235 -0.27 0.00364398
815 5.69211 -0.650795 7.54327 0.963816 0.000894588 -0.266567 -0.00026102
816 5.70743 -0.550174 7.53048 0.964749 0.0046252 -0.263106 0.00358246
817 5.76973 -0.589428 7.49587 0.964394 0.00113465 -0.26445 0.00306141
818 5.71231 -0.56715 7.53261 0.965436 0.00468638 -0.260589 0.00215301
821 5.7163 -0.589261 7.5581 0.964075 0.00512951 -0.265581 0.000541091
822 5.73648 -0.560224 7.55181 0.96353 0.00457773 -0.267548 0.00263747
829 5.72205 -0.561082 7.57484 0.96504 0.00495978 -0.262042 0.00271775
830 5.73064 -0.571404 7.56981 0.965243 0.00516866 -0.261294 0.00195188
831 5.78285 -0.575278 7.55821 0.964904 0.00552122 -0.262541 0.00143165
834 5.76323 -0.532627 7.59685 0.964013 0.00266545 -0.265809 0.00413531
835 5.72533 -0.583361 7.59924 0.964769 0.00575004 -0.263035 0.000933474
837 5.72937 -0.545564 7.61528 0.964978 0.00522747 -0.262243 0.00436398
840 5.74596 -0.549626 7.62626 0.966201 0.00443439 -0.257724 0.00376381
841 5.73736 -0.526638 7.63736 0.967195 0.00396326 -0.25394 0.00569931
842 5.72854 -0.53254 7.63039 0.968708 0.00461791 -0.248105 0.00522002
843 5.78763 -0.656442 7.60468 0.96961 0.000162869 -0.244656 -0.000282172
844 5.78736 -0.510248 7.6117 0.972079 0.00258676 -0.234549 0.00652362
845 5.79853 -0.518155 7.6009 0.974439 0.00391042 -0.224538 0.00603264
846 5.67965 -0.541355 7.72631 0.979347 0.00332676 -0.202109 0.00450143
847 5.82553 -0.545093 7.59143 0.979243 0.00506425 -0.202592 0.00374268
848 5.83177 -0.565126 7.58791 0.981937 0.00596033 -0.1891 0.00214837
849 5.84997 -0.561667 7.58278 0.98389 0.0045148 -0.178702 0.00213251
850 5.83891 -0.549488 7.58862 0.985464 0.00425023 -0.169801 0.00316405
851 5.86339 -0.570754 7.56716 0.986662 0.00531649 -0.162693 0.00133146
852 5.91722 -0.573067 7.48992 0.986902 0.00135152 -0.161271 0.00369319
853 5.87818 -0.550067 7.56207 0.988193 0.00460466 -0.153117 0.00296653
854 6.01278 -0.49899 7.39825 0.987072 0.00482847 -0.16007 0.00661438
855 5.87356 -0.553797 7.57537 0.989508 0.00489095 -0.144371 0.00267428
856 5.86966 -0.556713 7.56633 0.989904 0.00498416 -0.141631 0.00241009
857 5.86317 -0.543848 7.57454 0.990344 0.00510803 -0.138497 0.0034964
865 5.84608 -0.571108 7.56393 0.988873 0.00532928 -0.148658 0.00128866
871 5.7887 -0.564076 7.60182 0.981441 0.00528222 -0.191679 0.00227651
872 5.81264 -0.549273 7.60328 0.978391 0.00474827 -0.206678 0.00349551
873 5.74817 -0.549175 7.63429 0.977693 0.00416403 -0.209966 0.00360239
874 5.81257 -0.492779 7.60532 0.974028 0.00286163 -0.22627 0.00793665
875 5.77395 -0.501798 7.624 0.972193 0.00271902 -0.234053 0.00728205
876 5.78903 -0.515796 7.62514 0.969709 0.00330419 -0.24416 0.0063131
877 5.73692 -0.520685 7.63975 0.969443 0.00391391 -0.245209 0.0060645
879 5.71945 -0.532817 7.64461 0.967997 0.00426141 -0.250872 0.00518788
883 5.77851 -0.568421 7.60402 0.963998 0.0048723 -0.265859 0.00192056
884 5.76227 -0.564061 7.60892 0.963754 0.00494052 -0.266737 0.00241971
886 5.76798 -0.577389 7.61951 0.962449 0.00507644 -0.271412 0.00136366
887 5.73868 -0.556137 7.61787 0.962472 0.004978 -0.271316 0.00313986
888 5.74842 -0.531641 7.62192 0.961729 0.00403122 -0.273928 0.0049837
889 5.76944 -0.552138 7.61482 0.960726 0.00438081 -0.277442 0.00335967
891 5.73773 -0.544037 7.63092 0.960207 0.00422643 -0.279228 0.00405033
892 5.74904 -0.550866 7.62225 0.958153 0.00444116 -0.286201 0.00353367
893 5.74123 -0.643022 7.63988 0.957405 3.42146e-05 -0.288747 0.00058808
894 5.80533 -0.579611 7.59775 0.955572 0.00160856 -0.294736 0.00333468
896 5.72699 -0.602565 7.66996 0.956012 0.000846022 -0.293317 0.00233086
897 5.72804 -0.613025 7.65457 0.955415 0.00102543 -0.29526 0.00167614
899 5.72843 -0.541292 7.65182 0.955218 0.00415015 -0.295838 0.00452318
900 5.68928 -0.573831 7.6898 0.955586 0.00113936 -0.294686 0.003847
901 5.72725 -0.529544 7.65614 0.954795 0.00374172 -0.297193 0.0054068
904 5.76322 -0.526923 7.6538 0.954895 0.00370566 -0.296872 0.00536508
906 5.79869 -0.582847 7.62784 0.955031 0.00131344 -0.296484 0.00325939
908 5.76488 -0.544379 7.6605 0.957109 0.00393466 -0.289673 0.00404826
912 5.84905 -0.581347 7.61593 0.956854 0.00146176 -0.290548 0.00329459
913 5.79881 -0.593444 7.64 0.957871 0.00104271 -0.287182 0.00276793
914 5.70602 -0.583169 7.71812 0.959771 0.000818567 -0.280763 0.00345634
918 5.78057 -0.575311 7.67194 0.959989 0.00497837 -0.279989 0.00167352
920 5.7614 -0.508059 7.69447 0.961184 0.00377014 -0.275788 0.00726083
926 5.81739 -0.525971 7.67314 0.961018 0.00408477 -0.2764 0.00551655
930 5.7415 -0.526749 7.72154 0.96324 0.00390365 -0.268553 0.00568354
932 5.72743 -0.533647 7.73052 0.963892 0.00384931 -0.266215 0.00514835
933 5.73951 -0.534074 7.7313 0.963701 0.00403439 -0.266904 0.0050723
936 5.77684 -0.510997 7.70542 0.964118 0.00388689 -0.265357 0.00688004
937 5.81416 -0.511797 7.70768 0.964747 0.00313953 -0.263075 0.00664316
938 5.83443 -0.69723 7.63463 0.965455 -0.00236362 -0.260547 -0.00252206
939 5.80889 -0.50597 7.71815 0.966616 0.00239792 -0.256126 0.00683013
942 5.815 -0.510706 7.71424 0.967006 0.00315394 -0.254649 0.00658778
943 5.82211 -0.529646 7.71243 0.967156 0.00327352 -0.254115 0.00497764
945 5.814 -0.536216 7.72213 0.967832 0.00467104 -0.251511 0.00465194
946 5.93944 -0.583342 7.63013 0.965584 0.000908563 -0.260066 0.00339913
949 5.80467 -0.636693 7.73226 0.967244 0.000627077 -0.253846 0.000518037
950 5.83384 -0.492813 7.73576 0.965873 0.00211008 -0.258889 0.00785189
951 5.80687 -0.515296 7.73971 0.965157 0.00340096 -0.261572 0.0063456
952 5.84784 -0.506195 7.72499 0.96224 0.00354162 -0.272086 0.00710947
953 5.79344 -0.520409 7.77504 0.960913 0.00362015 -0.276759 0.00612774
954 5.83969 -0.543879 7.7321 0.957067 0.00451568 -0.289803 0.00409739
955 5.79292 -0.547334 7.75101 0.954473 0.00436759 -0.298242 0.00381018
956 5.7722 -0.641592 7.78876 0.951446 -0.00047598 -0.307816 0.000738826
957 5.79514 -0.571429 7.76693 0.947779 0.00674855 -0.318846 0.00268071
958 5.7778 -0.615255 7.79568 0.946062 -0.000106634 -0.323979 0.00204605
959 5.83476 -0.622995 7.74308 0.943274 0.000351467 -0.332011 0.00147362
960 5.83717 -0.62489 7.73632 0.941742 0.000493079 -0.336335 0.00130861
961 5.84337 -0.615475 7.73804 0.939898 0.000447118 -0.341449 0.00183407
962 5.7866 -0.593653 7.80766 0.937006 0.000305829 -0.349299 0.00304822
963 5.83551 -0.684329 7.69843 0.93045 -0.00577667 -0.366374 0.000290392
964 5.78386 -0.648591 7.77613 0.929071 -2.94175e-05 -0.369902 -0.000131792
965 5.75378 -0.642067 7.79017 0.927 -0.00217604 -0.375055 0.000625519
966 5.78712 -0.600171 7.81867 0.923764 0.000243155 -0.382952 0.0026801
967 5.76785 -0.629467 7.79962 0.92134 -3.49519e-05 -0.388756 0.00111895
968 5.78484 -0.623999 7.76949 0.918436 -0.000138159 -0.395568 0.00140435
969 5.81894 -0.700987 7.72127 0.915148 -0.00417195 -0.403095 -0.000859496
970 5.75585 -0.640323 7.79515 0.915216 -0.00141494 -0.40296 0.000365142
971 5.7487 -0.644582 7.79939 0.91361 -0.001742 -0.406587 0.000350505
972 5.81155 -0.6051 7.74032 0.910393 0.000354682 -0.413739 0.00230229
973 5.73757 -0.628127 7.81866 0.911756 -0.00126726 -0.410726 0.00160927
974 5.73232 -0.628952 7.78999 0.909177 -0.00100153 -0.416409 0.00101327
975 5.75622 -0.59558 7.81031 0.907677 0.0003892 -0.41966 0.00279659
976 5.71793 -0.640199 7.83656 0.906903 -0.00188534 -0.421335 0.000763254
977 5.69839 -0.656264 7.81592 0.904226 -0.000558879 -0.427054 -0.00031542
978 5.75295 -0.619657 7.80866 0.900523 0.000155715 -0.434805 0.00155381
979 5.77905 -0.627348 7.79263 0.897213 -8.82725e-05 -0.441596 0.00115463
980 5.77103 -0.70568 7.74456 0.893965 -0.00375213 -0.448119 -0.00135864
981 5.77108 -0.601278 7.77946 0.891452 0.000669489 -0.453108 0.00239216
982 5.71775 -0.591781 7.81615 0.889401 -0.000514606 -0.457117 0.00303559
983 5.68815 -0.598353 7.87385 0.886745 0.000722788 -0.462251 0.0025579
984 5.83628 -0.758471 7.70304 0.875738 -0.00326856 -0.482751 -0.00491099
985 5.72241 -0.733465 7.79979 0.871934 -0.00451104 -0.48959 -0.00348183
986 5.66659 -0.62297 7.88663 0.865242 -0.000524853 -0.501353 0.00103019
987 5.65527 -0.618133 7.87923 0.855406 -0.000690104 -0.517955 0.00150722
988 5.64383 -0.546601 7.86291 0.843966 -0.000509708 -0.536359 0.00630488
989 5.62407 -0.537867 7.88251 0.835822 0.000203904 -0.548966 0.00614685
990 5.61787 -0.537182 7.9302 0.827321 0.000259953 -0.561696 0.00605238
991 5.60408 -0.520868 7.93116 0.814261 0.00146666 -0.580461 0.00643564
992 5.61524 -0.540536 7.91415 0.801793 -0.000457375 -0.597564 0.00668772
993 5.60697 -0.542711 7.97367 0.791726 -0.000613072 -0.610846 0.00608258
994 5.58728 -0.539355 7.97047 0.776006 -0.000716051 -0.630694 0.00626978
995 5.58922 -0.541459 7.99484 0.762858 -0.000717512 -0.646538 0.00596253
996 5.57362 -0.536772 7.99563 0.747378 -0.000364091 -0.664373 0.0058493
997 5.56636 -0.522087 8.00022 0.731273 0.000413461 -0.682047 0.00715089
998 5.5765 -0.526678 8.02128 0.716562 -7.98763e-05 -0.697488 0.00704362
999 5.57155 -0.545659 8.03931 -0.701867 0.00168785 0.712282 -0.00591754
1000 5.57805 -0.556283 8.01276 -0.684385 0.0018054 0.729104 -0.00458175
1001 5.57124 -0.550582 8.07951 -0.672912 0.00165081 0.739704 -0.00492529
1002 5.5614 -0.531952 8.07626 -0.658011 0.000463581 0.752984 -0.00606656
1003 5.59046 -0.749815 8.07255 -0.643019 0.00425978 0.765794 0.00824576
1004 5.59166 -0.728584 8.07363 -0.627985 0.00177285 0.778183 0.00788873
1005 5.59729 -0.740547 8.09703 -0.616343 0.00278227 0.787431 0.0080641
1006 5.58802 -0.735266 8.09927 -0.603339 0.00227944 0.797444 0.00770864
1007 5.59299 -0.752175 8.12983 -0.592856 0.0038968 0.805255 0.00838769
1008 5.60085 -0.776231 8.15191 -0.582751 0.00623408 0.812587 0.00806866
1009 5.60542 -0.750418 8.15911 -0.576152 0.00355645 0.817296 0.00795013
1010 5.59508 -0.738132 8.12444 -0.564853 0.00207269 0.825153 0.00770509
1011 5.60675 -0.71289 8.14895 -0.559061 -0.000417968 0.829095 0.00721284
1012 5.58707 -0.743282 8.12586 -0.553418 0.00250434 0.832859 0.00819593
1013 5.60965 -0.743969 8.15507 -0.551508 0.00249891 0.834127 0.00809454
1014 5.57782 -0.750981 8.11875 -0.54058 0.0029193 0.841246 0.00836077
1017 5.61517 -0.738012 8.17337 -0.537463 0.00162482 0.843246 0.00817018
1020 5.61863 -0.746309 8.188 -0.531032 0.00241672 0.847309 0.00814299
1021 5.61275 -0.76431 8.17305 -0.527809 0.00422345 0.849307 0.00874862
1029 5.60138 -0.754825 8.14111 -0.541115 0.00335728 0.840901 0.00829044
1047 5.59093 -0.75857 8.12882 -0.552369 0.00417564 0.833552 0.007837
1051 5.60603 -0.747576 8.15241 -0.57302 0.00310442 0.819494 0.00830476
1055 5.59575 -0.739168 8.12092 -0.598193 0.00274062 0.801313 0.0073648
1056 5.59964 -0.74673 8.11238 -0.60618 0.00334929 0.795281 0.00799891
1058 5.58773 -0.646355 8.12765 -0.624891 0.00162543 0.78071 0.000812257
1059 5.58755 -0.733755 8.08153 -0.629996 0.00246073 0.776555 0.00778289
1060 5.58823 -0.760081 8.08824 -0.63728 0.00536378 0.77058 0.00716094
1061 5.59175 -0.747899 8.07064 -0.643729 0.00408743 0.765199 0.00818151
1062 5.56897 -0.542562 8.07601 -0.650279 0.00138721 0.759674 -0.00555068
1064 5.56478 -0.536933 8.08842 -0.661487 0.00157835 0.749926 -0.00662854
1065 5.56781 -0.552026 8.06119 -0.663917 0.0018078 0.747789 -0.00478598
1066 5.5647 -0.548005 8.08102 -0.668802 0.00199951 0.743416 -0.00561759
1067 5.57136 -0.550566 8.06597 -0.671061 0.00180193 0.741382 -0.00507753
1068 5.5688 -0.542761 8.06311 -0.673115 0.00152367 0.739512 -0.00598524
1082 5.55893 -0.537721 8.05471 -0.674298 0.00106677 0.738434 -0.00601951
1086 5.52007 -0.546932 8.08919 -0.67786 0.00253483 0.735164 -0.00567516
1089 5.51763 -0.530317 8.08012 -0.678521 -4.57824e-05 0.734558 -0.0058081
1090 5.52616 -0.543567 8.06413 -0.679398 0.00100974 0.733746 -0.00580577
1091 5.51164 -0.544161 8.08313 -0.680805 0.000890384 0.73245 -0.00456548
1093 5.50632 -0.535187 8.05156 -0.679847 0.000861051 0.733328 -0.00612271
1095 5.50743 -0.640215 8.09273 -0.684528 0.00136993 0.728985 -0.000111355
1096 5.49301 -0.54049 8.09781 -0.686331 0.000769712 0.727271 -0.0050335
1099 5.47674 -0.523562 8.08915 -0.688901 -0.000615026 0.724832 -0.00581005
1100 5.46393 -0.537501 8.09514 -0.690522 0.000715919 0.723291 -0.00534087
1101 5.46107 -0.540972 8.09403 -0.692197 0.0016017 0.721683 -0.00579827
1102 5.45511 -0.536491 8.099 -0.693765 0.000743437 0.720181 -0.00545728
1103 5.44746 -0.532804 8.11723 -0.69585 0.000784135 0.718161 -0.00612345
1105 5.44251 -0.534927 8.0733 -0.69429 0.00123527 0.719665 -0.00650776
1106 5.55902 -0.499113 8.01907 -0.693232 -0.00287141 0.720684 -0.00601014
1107 5.4459 -0.543777 8.07982 -0.698479 0.0017014 0.715604 -0.00591836
1108 5.43643 -0.535851 8.07588 -0.70009 0.00068355 0.71403 -0.00590225
1109 5.43878 -0.535499 8.08389 -0.702789 0.000682219 0.711373 -0.00598451
1110 5.43542 -0.550169 8.06305 -0.703244 0.00227506 0.710921 -0.00585063
1111 5.42373 -0.553369 8.07388 -0.706626 0.00213923 0.707565 -0.00521532
1112 5.42373 -0.533047 8.10043 0.709614 -0.000127163 -0.704566 0.00581727
1113 5.43273 -0.53096 8.05651 0.707161 3.38413e-05 -0.707028 0.00591221
1114 5.41623 -0.540885 8.05697 0.708031 -0.0010877 -0.706156 0.00594245
1116 5.41579 -0.536132 8.07483 0.710401 -0.000679134 -0.70377 0.0061123
1117 5.41491 -0.532472 8.07171 0.710616 -0.000268227 -0.703552 0.00622298
1119 5.41641 -0.554853 8.05217 0.710302 -0.00209403 -0.703876 0.00499928
1120 5.41329 -0.544715 8.05378 0.71116 -0.00124627 -0.703007 0.00560573
1121 5.41484 -0.535207 8.05617 0.711675 -0.000349368 -0.702483 0.00594667
1122 5.4082 -0.542741 8.0542 0.712084 -0.00125983 -0.702068 0.00592121
1124 5.40362 -0.549686 8.00918 0.710473 -0.00149466 -0.703703 0.00528681
1127 5.39593 -0.542417 8.07799 0.717186 -0.000885437 -0.696857 0.0057133
1129 5.39083 -0.563664 8.05932 0.71751 -0.00270733 -0.696527 0.00477873
1130 5.39224 -0.552181 8.05231 0.717307 -0.00162492 -0.696739 0.00485575
1131 5.38573 -0.556976 8.07584 0.719414 -0.0024001 -0.694558 0.00519492
1137 5.37632 -0.531313 8.04817 0.718795 -0.00038064 -0.69519 0.00667205
1141 5.37012 -0.549448 8.03557 0.719503 -0.00191287 -0.69446 0.00609129
1142 5.37003 -0.548994 8.03463 0.719445 -0.00184854 -0.69452 0.0060775
1143 5.35716 -0.54391 8.01018 0.717491 -0.00121033 -0.696541 0.00602015
1146 5.35571 -0.548122 8.02221 0.717665 -0.00142936 -0.696364 0.00565241
1151 5.34291 -0.547686 8.01737 0.716074 -0.00138078 -0.697999 0.00580683
1152 5.35569 -0.548725 8.03164 0.717344 -0.00142327 -0.696695 0.00557638
1156 5.35162 -0.548395 8.02923 0.716546 -0.00140458 -0.697516 0.00559101
1157 5.34462 -0.552475 8.00385 0.714294 -0.00192184 -0.69982 0.00570218
1160 5.34547 -0.553899 8.01145 0.713731 -0.0017995 -0.700398 0.00528107
1162 5.3394 -0.539178 8.04049 0.714494 -0.000916995 -0.699612 0.00645022
1163 5.33332 -0.543555 8.04565 0.713897 -0.00123946 -0.700223 0.00606917
1164 5.33092 -0.544263 8.0189 0.711401 -0.00114622 -0.70276 0.00597403
1165 5.32764 -0.557368 8.0565 0.713383 -0.00211217 -0.700753 0.0050165
1167 5.32826 -0.542712 8.03059 0.710481 -0.000931425 -0.703691 0.00591305
1169 5.32852 -0.545641 8.03974 0.709972 -0.00130277 -0.704205 0.00586197
1170 5.3169 -0.555535 8.05975 0.710809 -0.00223726 -0.70336 0.00549201
1171 5.31579 -0.551082 8.03121 0.708024 -0.00205911 -0.706159 0.0060612
1172 5.31268 -0.544581 8.01525 -0.706502 0.00115953 0.707688 -0.00567013
1173 5.30681 -0.525753 8.03183 -0.70643 0.000118089 0.70775 -0.00681859
1174 5.31268 -0.552533 8.03107 -0.705839 0.00182478 0.70835 -0.00534272
1175 5.29698 -0.552435 8.0314 -0.704697 0.0015225 0.709489 -0.00515753
1176 5.30093 -0.555784 8.01599 -0.702776 0.00201633 0.71139 -0.00512093
1177 5.29763 -0.553318 8.05142 -0.704627 0.00184006 0.709555 -0.00539448
1179 5.29187 -0.551624 8.06043 -0.703628 0.00196669 0.710544 -0.0054567
1180 5.29172 -0.550671 8.02913 -0.700011 0.00178712 0.71411 -0.00534631
1181 5.29298 -0.555754 8.06638 -0.70122 0.00191611 0.712925 -0.00488946
1182 5.28004 -0.555557 8.05568 -0.699276 0.00207712 0.71483 -0.00526439
1184 5.27927 -0.552818 8.04351 -0.696062 0.00201638 0.71796 -0.00525479
1185 5.28189 -0.561479 8.06146 -0.695896 0.00289757 0.718119 -0.00510877
1186 5.27864 -0.555733 8.05845 -0.692917 0.00216595 0.720997 -0.00508813
1187 5.26934 -0.536877 8.05819 -0.691294 0.0013358 0.722542 -0.00664799
1188 5.26738 -0.555185 8.05776 -0.689921 0.00224425 0.723862 -0.00523546
1189 5.26286 -0.5538 8.06319 -0.688378 0.00239919 0.725326 -0.00566527
1190 5.25224 -0.54407 8.08435 -0.687837 0.00140541 0.725838 -0.00618214
1191 5.2502 -0.532389 8.09052 -0.686587 -0.000610516 0.727027 -0.00542387
1192 5.25088 -0.554406 8.08023 -0.684345 0.00225689 0.729135 -0.00535287
1194 5.25084 -0.535569 8.07751 -0.68 0.000383911 0.733187 -0.00602276
1195 5.24604 -0.541685 8.08572 -0.676379 0.00165752 0.736524 -0.00642672
1196 5.23795 -0.531088 8.07038 -0.672817 0.00080699 0.739777 -0.00689152
1197 5.23261 -0.550189 8.05232 -0.669785 0.00164039 0.742535 -0.00521046
1198 5.23294 -0.545239 8.08508 -0.670777 0.000937561 0.74164 -0.0052327
1199 5.23297 -0.542114 8.07825 -0.668036 0.000875423 0.744107 -0.00556019
1200 5.21192 -0.558528 8.07259 -0.664069 0.00263489 0.747647 -0.00535918
1201 5.21412 -0.556435 8.0708 -0.662529 0.00215278 0.749018 -0.00476988
1202 5.20623 -0.530569 8.08776 -0.662063 0.00017189 0.749422 -0.00623174
1203 5.20139 -0.531215 8.10958 -0.660786 0.000437737 0.750548 -0.0062654
1204 5.1885 -0.542468 8.08538 -0.655069 0.00148036 0.755546 -0.00572018
1205 5.17635 -0.518696 8.12976 -0.656025 4.63893e-05 0.754701 -0.00762128
1206 5.16597 -0.538991 8.10767 -0.653594 0.00114124 0.756821 -0.00593083
1207 5.14709 -0.533711 8.13917 -0.655812 -0.0012102 0.754887 -0.00732715
1210 5.15785 -0.531556 8.13205 -0.653193 0.000578716 0.757164 -0.00637515
1211 5.14326 -0.531913 8.13302 -0.650247 0.000436603 0.759699 -0.00597636
1213 5.13508 -0.539135 8.14694 -0.647059 0.00118374 0.762419 -0.00554317
1214 5.123 -0.53187 8.14832 -0.643516 0.000640694 0.76541 -0.00583919
1215 5.12123 -0.538079 8.13413 -0.641301 0.00131134 0.767268 -0.00556623
1216 5.10297 -0.532788 8.16572 -0.641741 0.000908971 0.766898 -0.00593357
1218 5.1134 -0.551459 8.11239 -0.632047 0.00135646 0.774911 -0.00517805
1222 5.09104 -0.531109 8.17285 -0.633101 0.000684895 0.774045 -0.0061261
1223 5.08376 -0.537435 8.1649 -0.629516 0.00119152 0.776965 -0.00578131
1224 5.07119 -0.542205 8.13694 -0.625712 0.00149707 0.780033 -0.00555156
1228 5.06408 -0.53843 8.15306 -0.620883 0.00180422 0.783877 -0.00618669
1229 5.08389 -0.749121 8.12472 -0.615761 0.00460176 0.787889 0.00691509
1230 5.09408 -0.734887 8.13809 -0.615497 0.00329275 0.788091 0.00804715
1232 5.08712 -0.749461 8.13538 -0.613586 0.00491067 0.789575 0.00773456
1236 5.0675 -0.731667 8.15733 -0.606533 0.0028882 0.795013 0.00797402
1237 5.06538 -0.734097 8.15624 -0.605473 0.00323837 0.795818 0.00807726
1238 5.05435 -0.751724 8.15892 -0.604227 0.00500306 0.796767 0.00693742
1240 5.04404 -0.728787 8.1479 -0.602646 0.00262289 0.797962 0.00824438
1246 5.01799 -0.730265 8.14239 -0.602191 0.00271631 0.798307 0.00801015
1259 4.99584 -0.707236 8.17629 -0.609714 0.000321568 0.792582 0.00796967
1262 4.94214 -0.551189 8.19914 -0.612291 0.00258279 0.790612 -0.00503841
1265 4.93417 -0.557984 8.19456 -0.613386 0.0023755 0.789769 -0.00399017
1272 4.91535 -0.542662 8.19944 -0.613553 0.00100734 0.789635 -0.00523733
1273 4.91241 -0.561555 8.17167 -0.611071 0.0031438 0.791557 -0.00440663
1285 4.8572 -0.533335 8.22337 -0.617676 0.000207937 0.786416 -0.00509279
1292 4.82498 -0.549188 8.22427 -0.622305 0.0017981 0.782759 -0.00457484
1293 4.81512 -0.529354 8.21678 -0.622141 2.68724e-05 0.782879 -0.00641541
1297 4.79287 -0.540276 8.24346 -0.626507 0.000700271 0.7794 -0.00491161
1304 4.76564 -0.540872 8.21609 -0.630376 0.00093747 0.776271 -0.00529888
1305 4.75051 -0.5514 8.20768 -0.632618 0.0015079 0.77445 -0.00436495
1306 4.74001 -0.550335 8.22163 -0.63665 0.00166429 0.771138 -0.00456783
1307 4.72475 -0.5504 8.21854 -0.637327 0.00208059 0.770575 -0.00493301
1312 4.71056 -0.564659 8.21194 -0.638673 0.00363076 0.769457 -0.00443128
1313 4.70508 -0.547362 8.21619 -0.641815 0.00203452 0.766836 -0.00560162
1316 4.69117 -0.545485 8.24318 -0.647211 0.001857 0.762288 -0.00565271
1317 4.67982 -0.533779 8.24747 -0.650086 0.000788481 0.759833 -0.00639063
1318 4.67297 -0.539451 8.21683 -0.650603 0.00103419 0.759395 -0.00584018
1319 4.66724 -0.543739 8.21935 -0.652738 0.00133957 0.757562 -0.00559788
1320 4.64022 -0.559291 8.22905 -0.653611 0.00250408 0.756811 -0.00476282
1330 4.57825 -0.539249 8.23452 -0.654616 0.00098989 0.755937 -0.00602141
1331 4.56618 -0.546666 8.2136 -0.652611 0.001766 0.75767 -0.00560685
1332 4.55233 -0.562294 8.22323 -0.653289 0.0030998 0.75709 -0.00436628
1338 4.46254 -0.543592 8.26886 -0.656019 0.00174459 0.75472 -0.0058207
1340 4.43708 -0.545257 8.25537 -0.654538 0.00134209 0.75601 -0.0052569
1341 4.42293 -0.537579 8.27929 -0.656524 0.000835577 0.754282 -0.00584086
1347 4.35296 -0.547019 8.26963 -0.654727 0.00197656 0.755841 -0.00577126
1350 4.34546 -0.547286 8.2743 -0.654281 0.00177828 0.756229 -0.00552092
1351 4.3374 -0.544544 8.27231 -0.651951 0.00152297 0.758238 -0.00571778
1354 4.33312 -0.541599 8.27724 -0.646439 0.00108286 0.762943 -0.00581847
1357 4.31582 -0.554701 8.25764 -0.636162 0.00229334 0.771537 -0.00485531
1358 4.30748 -0.547609 8.28537 -0.635923 0.0012692 0.771733 -0.00542292
1363 4.2783 -0.555405 8.30893 -0.628538 0.00240478 0.777764 -0.00424514
1367 4.26892 -0.557321 8.29094 -0.622163 0.00261101 0.782871 -0.00433226
1371 4.23702 -0.540772 8.34113 -0.614514 0.00149033 0.788885 -0.00559273
1373 4.21846 -0.563613 8.35213 -0.613382 0.00214889 0.789766 -0.00516728
1379 4.19132 -0.542679 8.34322 -0.603284 0.00142149 0.797506 -0.00554981
1382 4.18533 -0.546879 8.35874 -0.60401 0.00209432 0.796955 -0.00550618
1386 4.15133 -0.533816 8.37592 -0.596447 -0.000501787 0.80263 -0.00596743
1388 4.14476 -0.560688 8.37172 -0.595159 0.00325752 0.803592 -0.00395571
1400 4.09939 -0.54504 8.37591 -0.599604 0.00174042 0.800278 -0.00523983
1411 4.06626 -0.544055 8.38101 -0.60204 0.00149355 0.798447 -0.00525497
1415 4.05308 -0.543206 8.39054 -0.605857 0.00141664 0.795555 -0.00515313
1418 4.03881 -0.547646 8.3935 -0.611033 0.00168497 0.791589 -0.00479811
1419 4.035 -0.548972 8.38252 -0.615806 0.00200799 0.78788 -0.00494241
1429 3.99095 -0.549373 8.35904 -0.665834 0.00157667 0.746083 -0.00484624
1430 3.98944 -0.54885 8.3362 -0.669191 0.0017395 0.743068 -0.00553499
1431 3.98322 -0.554176 8.34611 -0.671779 0.00199714 0.740735 -0.00444647
1432 3.97469 -0.561852 8.34389 -0.67248 0.00293424 0.740099 -0.00398949
1433 3.97923 -0.547783 8.3346 -0.672059 0.00137295 0.740474 -0.00578362
1434 3.96777 -0.547269 8.35028 -0.673651 0.00168042 0.739028 -0.00541915
1436 3.96308 -0.541038 8.35657 -0.674987 0.00113931 0.737804 -0.00604519
1442 3.9401 -0.543558 8.35375 -0.678431 0.00111981 0.73464 -0.00590693
1446 3.92715 -0.541149 8.33181 -0.678632 0.000977393 0.734452 -0.00615522
1448 3.91744 -0.548472 8.34372 -0.68314 0.00159664 0.730267 -0.00531723
1450 3.90925 -0.548428 8.34403 -0.685766 0.00174306 0.727796 -0.00586693
1451 3.90844 -0.539861 8.34179 -0.685809 0.000769065 0.727754 -0.0063148
1454 3.90229 -0.550383 8.32096 -0.686119 0.00212504 0.727462 -0.00593421
1455 3.89321 -0.54501 8.34224 -0.689798 0.000932228 0.723979 -0.00574725
1456 3.89716 -0.545748 8.34228 -0.690266 0.00143699 0.723529 -0.00604379
1458 3.88538 -0.549293 8.33216 -0.691628 0.00204041 0.722226 -0.00601325
1461 3.87639 -0.55393 8.34353 -0.695486 0.00217359 0.718516 -0.00535087
1462 3.87185 -0.548354 8.34499 -0.696395 0.00180326 0.717633 -0.00581579
1464 3.8683 -0.561239 8.3125 -0.695648 0.00291373 0.718359 -0.00496963
1465 3.8607 -0.541425 8.32882 -0.698795 0.00140015 0.71529 -0.00657251
1466 3.86186 -0.55044 8.33298 -0.700627 0.00224479 0.713499 -0.00597495
1467 3.85551 -0.54919 8.33077 -0.701628 0.00181574 0.712516 -0.00607348
1468 3.85592 -0.538266 8.31266 -0.701253 0.000853344 0.71288 -0.00678338
1470 3.84372 -0.541406 8.31876 -0.704572 0.00107715 0.709601 -0.00656623
1475 3.83228 -0.545698 8.3234 0.709411 -0.00119209 -0.704768 0.00608533
1476 3.82542 -0.547621 8.3078 0.708924 -0.00157833 -0.705257 0.00607595
1477 3.82528 -0.546253 8.31402 0.711323 -0.00141297 -0.702836 0.0062886
1478 3.81907 -0.548023 8.31618 0.712421 -0.00144635 -0.701725 0.00606517
1481 3.8028 -0.545005 8.33075 0.715464 -0.00104394 -0.698626 0.00565552
1483 3.7959 -0.556184 8.31165 0.712884 -0.00261457 -0.701256 0.00541023
1486 3.78514 -0.550813 8.31425 0.712174 -0.00185642 -0.701977 0.00572225
1489 3.77213 -0.549559 8.32205 0.717602 -0.00166979 -0.696428 0.00572532
1491 3.76729 -0.546402 8.32092 0.719668 -0.00129114 -0.694294 0.00572109
1494 3.76036 -0.555012 8.32515 0.72254 -0.00283265 -0.691296 0.00614889
1497 3.75057 -0.546104 8.30775 0.722889 -0.00157028 -0.690934 0.00629486
1498 3.74981 -0.545056 8.30892 0.723567 -0.00113545 -0.690227 0.00606022
1499 3.74987 -0.540342 8.29897 0.723602 -0.00032041 -0.69019 0.00614746
1500 3.74539 -0.548442 8.3156 0.726193 -0.00171826 -0.687461 0.00614463
1504 3.73698 -0.549704 8.30266 0.727762 -0.00172119 -0.685802 0.00598313
1508 3.72975 -0.551781 8.29818 0.728449 -0.00180643 -0.685073 0.00574541
1523 3.70819 -0.549924 8.2962 0.729696 -0.00169387 -0.683742 0.00616095
1527 3.69819 -0.547777 8.27616 0.747545 -0.0012618 -0.664179 0.00636797
1528 3.70359 -0.544718 8.25412 0.752931 -0.000705975 -0.658066 0.00663336
1529 3.6989 -0.546929 8.2622 0.762792 -0.000957432 -0.646612 0.00636794
1530 3.69832 -0.541636 8.26191 0.77332 -0.000181321 -0.633985 0.00624017
1531 3.69928 -0.545549 8.2528 0.779836 -0.000465066 -0.625953 0.00619993
1532 3.70264 -0.547864 8.24541 0.783152 -0.000925726 -0.621799 0.00617082
1533 3.70508 -0.548258 8.23796 0.785681 -0.00086236 -0.618602 0.00603787
1535 3.70444 -0.541882 8.21947 0.788043 4.2299e-05 -0.615587 0.00634844
1536 3.70487 -0.548553 8.23868 0.790528 -0.00107295 -0.612392 0.00632267
1537 3.70263 -0.543692 8.23831 0.79124 -0.000531803 -0.611468 0.00678656
1538 3.70156 -0.544431 8.23033 0.79093 -0.00053484 -0.611872 0.00656476
1539 3.70434 -0.544035 8.23115 0.791714 -0.000529499 -0.610856 0.00661561
1542 3.70452 -0.547846 8.21651 0.792145 -0.000955093 -0.610297 0.00653648
1543 3.70858 -0.540562 8.22692 0.794161 0.000163527 -0.60767 0.0066775
1544 3.70698 -0.544811 8.22143 0.794544 -0.000398483 -0.607171 0.00649558
1546 3.70979 -0.54417 8.20891 0.794887 -0.000229865 -0.606723 0.00640927
1547 3.70794 -0.546891 8.20415 0.795002 -0.000647005 -0.606573 0.00638029
1549 3.71113 -0.548086 8.20201 0.796728 -0.000771181 -0.604305 0.00633507
1550 3.71065 -0.550918 8.21916 0.799237 -0.000972608 -0.600984 0.00607069
1551 3.71082 -0.548391 8.20292 0.798894 -0.000676857 -0.60144 0.00618138
1553 3.71165 -0.54702 8.21342 0.802088 -0.000594072 -0.597168 0.00664419
1554 3.71107 -0.548482 8.20555 0.802563 -0.000762572 -0.59653 0.00655755
1555 3.71197 -0.544302 8.2062 0.803845 -0.000191714 -0.594802 0.00668742
1556 3.71512 -0.533782 8.20044 0.806143 0.001121 -0.591675 0.0072503
1557 3.71212 -0.539488 8.19578 0.8079 0.000326732 -0.589277 0.00704483
1558 3.71811 -0.543369 8.18854 0.809834 -8.15776e-05 -0.586621 0.00666383
1559 3.71443 -0.545749 8.19707 0.812271 -0.000390089 -0.583244 0.0065609
1560 3.71552 -0.548312 8.20465 0.814358 -0.000578586 -0.580332 0.00593319
1562 3.71575 -0.551489 8.19538 0.817334 -0.000988659 -0.576133 0.00592777
1564 3.71675 -0.545325 8.19631 0.821119 -0.000493861 -0.570717 0.00671728
1565 3.71638 -0.54555 8.19458 0.822396 -0.000327403 -0.56888 0.00630074
1566 3.72084 -0.53795 8.16984 0.822184 0.000996235 -0.569187 0.00621855
1567 3.71912 -0.548574 8.1778 0.824842 -0.000680802 -0.565326 0.0064631
1568 3.72162 -0.547112 8.17421 0.827006 -0.000221475 -0.562158 0.00631009
1569 3.72489 -0.547546 8.17561 0.828402 -0.000403056 -0.560096 0.00651067
1570 3.72552 -0.544359 8.16289 0.829382 0.000128043 -0.558641 0.00666981
1571 3.7377 -0.6319 8.17455 0.831838 -0.00160651 -0.555016 0.000243208
1572 3.7685 -0.681717 8.14136 0.831912 -0.000840444 -0.5549 -0.00280866
1573 3.7506 -0.652491 8.16174 0.834443 2.50981e-05 -0.551093 -0.00093246
1574 3.61139 -0.771481 8.23282 0.841281 -0.00142009 -0.540526 -0.00865626
1575 3.75023 -0.568941 8.18481 0.838618 0.000202881 -0.544701 0.00451945
1576 3.74515 -0.647224 8.16103 0.84062 -0.00126091 -0.54162 -0.0018783
1577 3.76091 -0.657261 8.15753 0.84247 -0.000257959 -0.538742 -0.00110717
1578 3.73869 -0.54478 8.21662 0.846749 0.00042769 -0.531957 0.00618831
1579 3.62929 -0.619129 8.25151 0.852784 -0.000704865 -0.522262 0.00122537
1580 3.77147 -0.770189 8.11986 0.848631 -0.00135219 -0.528916 -0.00847917
1581 3.75383 -0.630123 8.1581 0.852765 -0.0015261 -0.522292 0.000407162
1582 3.8376 -0.751846 8.08049 0.851167 -0.000837405 -0.524845 -0.00721455
1583 3.84058 -0.658182 8.08716 0.853557 -0.00036971 -0.520998 -0.00124634
1584 3.72709 -0.728365 8.14238 0.861022 -0.000863892 -0.508534 -0.00580627
1585 3.76617 -0.643468 8.14207 0.863421 -0.000318746 -0.504484 0.000114619
1586 3.75754 -0.626109 8.13119 0.866969 -0.000799975 -0.498361 0.00086749
1587 3.82555 -0.643737 8.09472 0.866557 -0.000360723 -0.499078 6.87156e-06
1588 3.77036 -0.626696 8.12876 0.871515 -0.00133217 -0.490367 0.000691687
1589 3.784 -0.630989 8.12256 0.87368 -0.000221449 -0.4865 0.000771773
1590 3.73417 -0.636832 8.17486 0.877196 2.62849e-05 -0.480133 0.000580794
1591 3.74239 -0.614454 8.14207 0.878983 -0.00104654 -0.476848 0.0017674
1593 3.7841 -0.64339 8.11597 0.87894 -8.28792e-05 -0.476933 -0.000303284
1594 3.83276 -0.602395 8.07826 0.878638 -9.41156e-05 -0.477483 0.00239263
1604 3.79419 -0.680506 8.09952 0.881061 -0.000596799 -0.472998 -0.00207292
1605 3.78 -0.625314 8.13035 0.882994 -0.000845335 -0.469382 0.00106197
1606 3.85086 -0.645331 8.08393 0.882177 -9.55878e-05 -0.470918 4.9269e-05
1607 3.68298 -0.681068 8.16752 0.888961 -0.000394625 -0.457979 -0.00181056
1608 3.81118 -0.580545 8.11558 0.889204 0.000190488 -0.457496 0.00362298
1609 3.77314 -0.621347 8.10845 0.894186 -0.00174595 -0.447689 0.00154415
1610 3.79716 -0.594635 8.09806 0.897467 0.000479915 -0.441072 0.00296497
1611 3.85999 -0.581729 8.06894 0.900697 0.00109174 -0.434429 0.00389855
1612 3.83787 -0.645315 8.06039 0.90581 0.000435415 -0.423684 -2.04401e-05
1613 3.8461 -0.607749 8.07209 0.911118 -0.00131564 -0.412136 0.00223763
1614 3.79871 -0.598489 8.08465 0.91763 -3.10858e-05 -0.397425 0.00281495
1615 3.83375 -0.60756 8.08985 0.922527 -0.000180628 -0.385927 0.00230532
1616 3.84463 -0.630036 8.04273 0.926646 -0.000358406 -0.375935 0.000818902
1617 3.85028 -0.53954 8.05186 0.930762 0.00195122 -0.365565 0.00628134
1618 3.82784 -0.612403 8.04909 0.935136 -0.00116514 -0.354277 0.00257269
1619 3.90313 -0.649169 8.01969 0.936903 -0.00131974 -0.349586 6.18446e-05
1620 3.84717 -0.605914 8.04601 0.94142 -0.000580929 -0.337221 0.00302088
1621 3.82461 -0.602395 8.04723 0.944423 -0.000163103 -0.328721 0.00275283
1622 3.84747 -0.617919 8.03416 0.946445 -0.00130302 -0.322858 0.0018427
1623 3.94878 -0.624079 7.96709 0.946868 0.00086322 -0.321618 0.00117717
1624 3.8662 -0.617305 8.03126 0.951505 -0.00138584 -0.307621 0.00238236
1625 3.9816 -0.619434 7.98629 0.952285 -0.000752469 -0.305203 0.00177816
1626 3.88746 -0.660958 8.03165 0.958123 -0.000308143 -0.286357 -0.000616658
1627 3.90342 -0.709408 8.02406 0.96187 -0.000765487 -0.273488 -0.00319415
1628 4.03392 -0.639453 7.9465 0.963589 -0.000687346 -0.267384 0.000747772
1629 3.95835 -0.679518 7.97348 0.969014 -0.000963869 -0.246998 -0.0015083
1630 3.97722 -0.667885 7.98822 0.972912 -0.000799096 -0.231172 -0.000817281
1631 4.022 -0.659794 7.97356 0.97593 0.000365839 -0.218082 -0.000630454
1632 3.98334 -0.70227 8.00625 0.97997 -0.00082228 -0.199124 -0.00277251
1633 3.98632 -0.599583 7.9899 0.983082 0.00158465 -0.183145 0.00232206
1634 4.01729 -0.554127 7.97943 0.985349 0.00501254 -0.170418 0.00444298
1635 3.9136 -0.436158 8.05879 0.98885 0.00646533 -0.148327 0.0115048
1636 4.10243 -0.613907 7.95161 0.989262 0.00751262 -0.145957 0.000163426
1637 4.03883 -0.593941 7.9471 0.990872 0.00720757 -0.134604 0.00181432
1638 3.9449 -0.596339 8.00509 0.992204 0.00163597 -0.124597 0.00211767
1639 3.84684 -0.569358 8.07188 0.993484 0.00246459 -0.113887 0.00362716
1641 4.02302 -0.679302 7.9385 0.992678 -0.00053796 -0.120776 -0.00177406
1642 4.044 -0.53937 7.95494 0.99282 0.00529704 -0.119371 0.00557171
1647 4.02324 -0.568509 7.92803 0.993357 0.00620071 -0.114853 0.00349545
1649 4.09416 -0.615629 7.89457 0.992631 0.000830907 -0.121158 0.00176458
1650 4.06025 -0.615195 7.88529 0.992659 0.000599355 -0.12093 0.00173178
1652 4.06808 -0.505295 7.91192 0.99244 0.00403277 -0.122397 0.00814302
1661 4.04943 -0.588131 7.83745 0.992111 0.00177221 -0.125315 0.00283324
1662 4.03416 -0.600259 7.86059 0.992442 0.0072682 -0.122496 0.00116436
1663 4.10504 -0.620214 7.85368 0.991815 0.00797023 -0.127436 -0.000337364
1666 3.96443 -0.442722 7.89905 0.992997 0.00685091 -0.117433 0.0109333
1674 4.14436 -0.614497 7.73989 0.991638 0.000185691 -0.129032 0.00218725
1682 4.04039 -0.535158 7.77299 0.992675 0.00394496 -0.120618 0.00558147
1683 4.01917 -0.642492 7.79296 0.993042 0.00823114 -0.117451 -0.00203782
1684 3.9033 -0.605552 7.84964 0.993993 0.00148206 -0.109428 0.00140066
1686 3.97098 -0.584806 7.81383 0.99363 0.00157681 -0.112631 0.00338543
1689 3.98634 -0.639825 7.75905 0.99376 0.00837882 -0.111214 -0.0017906
1691 4.03326 -0.632811 7.77109 0.993493 0.0080308 -0.113602 -0.00115662
1692 3.8448 -0.581632 7.88966 0.995101 0.00219333 -0.0987927 0.00313525
1693 4.0684 -0.613791 7.7659 0.993351 0.00748857 -0.114885 -9.36634e-06
1695 4.02104 -0.544016 7.73276 0.994166 0.00338769 -0.107679 0.00522573
1696 3.92406 -0.610067 7.77151 0.99533 0.000939957 -0.0965165 0.00140911
1697 4.05815 -0.525663 7.7057 0.994622 0.00432308 -0.103288 0.00623756
1701 3.99727 -0.612173 7.72285 0.99507 0.000579171 -0.0991514 0.00219624
1703 3.97847 -0.623022 7.75851 0.995373 0.000503497 -0.0960726 0.00157601
1708 4.01674 -0.567965 7.6978 0.995334 0.00578654 -0.0962629 0.0032381
1709 4.0633 -0.56769 7.68165 0.995036 0.00579935 -0.099291 0.00322491
1710 3.9225 -0.52768 7.72309 0.996066 0.00399576 -0.088301 0.00627159
1714 3.91761 -0.576093 7.64495 0.995951 0.00255368 -0.0898102 0.00316531
1717 3.94305 -0.558996 7.59593 0.995767 0.00268071 -0.0917458 0.00476836
1718 3.9455 -0.53871 7.59557 0.995787 0.00373058 -0.0914473 0.00563802
1719 3.92112 -0.569343 7.56847 0.99583 0.00284862 -0.0911078 0.00359654
1721 4.04114 -0.564311 7.53897 0.994996 0.00604679 -0.0996663 0.00370881
1723 3.97846 -0.556606 7.48462 0.995487 0.00570677 -0.0946299 0.00429207
1724 4.04572 -0.547922 7.49592 0.994894 0.00560967 -0.100653 0.00493069
1725 3.96294 -0.569376 7.47837 0.995523 0.00633914 -0.0942469 0.00348937
1726 3.95475 -0.56896 7.46772 0.99558 0.00595993 -0.0936711 0.00338967
1727 3.93522 -0.661522 7.45225 0.995624 -0.000542582 -0.0934417 -0.000650736
1731 3.97414 -0.578866 7.35896 0.995204 0.00207413 -0.0977332 0.00363858
1733 3.83545 -0.552028 7.44545 0.996322 0.00390793 -0.085477 0.00448613
1734 3.77417 -0.557057 7.4678 0.996709 0.00350326 -0.0808845 0.00413029
1735 3.90416 -0.54119 7.36122 0.995736 0.00386869 -0.0920012 0.00549405
1736 4.04215 -0.585787 7.23343 0.994672 0.00186121 -0.103027 0.00318404
1741 3.85538 -0.554128 7.31272 0.995987 0.00340072 -0.0893229 0.00453841
1742 3.90735 -0.637622 7.25242 0.995684 0.00828211 -0.0924161 -0.00188749
1743 3.88323 -0.562919 7.26122 0.995719 0.00277577 -0.0922787 0.00452866
1745 3.85791 -0.613937 7.26057 0.995937 0.00128517 -0.0899999 0.00281174
1750 3.93978 -0.568912 7.21692 0.994785 0.00589527 -0.101766 0.00343995
1751 3.98233 -0.531557 7.2182 0.994129 0.00400645 -0.107957 0.00608796
1752 3.9335 -0.518292 7.22153 0.994067 0.00331141 -0.108484 0.00714864
1753 3.84489 -0.56249 7.24471 0.994531 0.00303553 -0.104305 0.00446828
1754 3.88301 -0.50863 7.21458 0.993919 0.00534019 -0.109729 0.00744791
1755 3.91402 -0.637335 7.15601 0.993335 -4.42719e-05 -0.115266 0.000500685
1756 3.85938 -0.535881 7.22474 0.993822 0.00416242 -0.110746 0.00599262
1758 3.88389 -0.581802 7.18023 0.993041 0.00151877 -0.117701 0.00364303
1759 3.8913 -0.534722 7.19783 0.992768 0.00517267 -0.119757 0.00655656
1760 3.93058 -0.567848 7.14334 0.992069 0.00256661 -0.125598 0.00415631
1761 3.96376 -0.65779 7.08262 0.991403 -9.77425e-05 -0.130842 -0.000607029
1763 3.93248 -0.631987 7.14709 0.991426 8.27912e-05 -0.130666 0.00083728
1764 3.85178 -0.65806 7.17649 0.991895 -0.00037211 -0.127061 -0.000710763
1765 3.87066 -0.611017 7.15906 0.991444 0.00103194 -0.130521 0.00174663
1767 3.86808 -0.567037 7.16931 0.990948 0.00298378 -0.134141 0.00438591
1768 3.92036 -0.629884 7.16014 0.99014 0.00806075 -0.139846 -0.00122551
1769 3.87568 -0.651757 7.13825 0.990362 -0.000664589 -0.138502 -0.000158359
1770 3.84498 -0.477784 7.17517 0.990688 0.00631786 -0.135666 0.00958034
1771 3.83192 -0.540785 7.14978 0.990543 0.00360996 -0.137039 0.00571748
1774 3.86686 -0.547236 7.10953 0.989712 0.00350492 -0.142926 0.00546251
1775 3.77791 -0.546225 7.17575 0.990692 0.00276888 -0.135966 0.0059766
1776 3.95028 -0.661596 7.01273 0.98847 -0.00059375 -0.151415 -0.00100757
1778 3.84803 -0.70249 7.0623 0.989413 -0.00150476 -0.145081 -0.00337511
1779 3.85876 -0.569965 7.06713 0.989342 0.00259136 -0.145527 0.00419833
1783 3.7713 -0.468273 7.14315 0.990248 0.00657362 -0.138781 0.0102339
1784 3.82899 -0.538746 7.07382 0.989233 0.00371783 -0.146178 0.00602876
1796 3.79632 -0.616316 7.02485 0.990396 0.000605519 -0.13825 0.00143687
1797 3.83317 -0.562226 7.01446 0.990094 0.00642324 -0.14014 0.00577915
1798 3.72643 -0.558855 7.08392 0.991364 0.00311285 -0.130992 0.00541776
1800 3.86747 -0.600108 7.00285 0.989763 0.00721365 -0.14253 0.00179133
1804 3.74991 -0.532536 7.02503 0.99082 0.00409152 -0.134977 0.0063545
1806 3.86828 -0.527578 6.98432 0.989237 0.00456877 -0.146065 0.00732694
1813 3.93764 -0.613209 6.81605 0.987952 0.000992661 -0.154748 0.0017438
1818 3.72496 -0.506943 6.99383 0.990775 0.00566976 -0.135182 0.00761271
1819 3.71383 -0.583484 6.9716 0.990896 0.00215904 -0.134575 0.0030683
1823 3.76185 -0.630437 6.9162 0.990698 -0.000190341 -0.136073 0.000983406
1825 3.80291 -0.515004 6.90849 0.990456 0.00556291 -0.137513 0.00751847
1826 3.78587 -0.642379 6.8885 0.990526 6.60182e-05 -0.137322 9.796e-05
1828 3.75322 -0.513637 6.93274 0.991188 0.00542177 -0.132128 0.00765044
1832 3.72216 -0.60234 6.92108 0.991441 0.000748389 -0.130532 0.00230486
1835 3.80537 -0.66067 6.87694 0.990668 -0.000214337 -0.136293 -0.0010508
