1 -0.364214 0.395204 0.88078 0.00320952 0.963648 2.50003e-05 0.267154
84 -0.360079 0.39507 0.883869 0.0032717 0.953249 2.1197e-05 0.30217
85 -0.359284 0.394911 0.8846 0.00322543 0.94998 0.000101622 0.312294
88 -0.375753 0.393749 0.879476 0.00197616 0.935662 0.00104364 0.35289
90 -0.371818 0.39059 0.876992 0.000232864 0.928159 0.00124793 0.372183
91 -0.366357 0.391471 0.88415 0.00112504 0.923013 0.00149762 0.384764
92 -0.364808 0.391174 0.886312 0.00116317 0.916892 0.00173208 0.399129
93 -0.367402 0.393678 0.87941 -9.82783e-05 0.90714 -0.000356905 0.420829
94 -0.366721 0.391416 0.886031 0.000978878 0.895669 0.00151307 0.444717
95 -0.364236 0.390643 0.888929 0.000719708 0.877009 0.00182601 0.480471
96 -0.362845 0.383587 0.895331 -0.00230292 0.859329 0.00477967 0.511396
97 -0.362821 0.382048 0.897047 -0.00259834 0.853364 0.00547392 0.521279
101 -0.370789 0.374139 0.894561 -0.00781139 0.840598 0.00853139 0.541536
104 -0.361762 0.375132 0.90257 -0.00524124 0.837272 0.00852386 0.546696
109 -0.361264 0.386758 0.897641 -0.000882118 0.830766 0.00338007 0.556611
113 -0.359248 0.390015 0.898137 0.000541982 0.821461 0.00193908 0.570261
118 -0.359364 0.392067 0.897968 0.00116007 0.809117 0.000896192 0.587646
122 -0.359235 0.380636 0.90456 -0.00286141 0.802594 0.00617564 0.596487
129 -0.358842 0.38525 0.903153 -0.00113446 0.785479 0.0040593 0.618874
135 -0.358953 0.38329 0.904058 -0.001989 0.761982 0.00480266 0.647577
136 -0.358499 0.384039 0.906649 -0.00132207 0.757686 0.0046938 0.652601
139 -0.356908 0.387593 0.909089 -0.000196105 0.737726 0.00283283 0.675094
140 -0.359545 0.379607 0.908252 -0.00342329 0.728556 0.00666426 0.684945
153 -0.358479 0.381176 0.910918 -0.00245437 0.711484 0.00600661 0.702672
154 -0.359295 0.379336 0.9098 -0.00341555 0.708311 0.00668647 0.70586
155 -0.357109 0.383748 0.912402 -0.00153941 0.700018 0.00449854 0.714109
157 -0.358888 0.379268 0.913167 -0.00312335 0.685714 0.00687103 0.727832
158 -0.35902 0.38393 0.916592 -0.0012337 0.669782 0.00524466 0.742538
159 -0.360938 0.377693 0.917424 -0.00349177 0.653504 0.00810802 0.756872
160 -0.359636 0.378009 0.917266 -0.00344217 0.640524 0.00748848 0.767894
161 -0.359707 0.379004 0.919568 -0.00273594 0.631817 0.00741453 0.775077
162 -0.357977 0.379514 0.917869 -0.00280002 0.625082 0.00641369 0.780528
165 -0.358442 0.378285 0.918945 -0.00322434 0.608788 0.00698267 0.793295
212 -0.378861 0.390614 0.876797 0.000858827 0.970169 0.00194293 0.242422
213 -0.368631 0.395052 0.879633 0.00336969 0.976022 0.000377267 0.217644
215 -0.375146 0.398091 0.872748 0.00212312 0.983571 -0.00191806 0.1805
216 -0.371328 0.392 0.879004 0.00421571 0.986196 0.00225423 0.165515
218 -0.375357 0.394383 0.874459 0.00309288 0.990556 0.000508656 0.137073
219 -0.375455 0.398743 0.871825 0.00305256 0.992234 -0.0020988 0.124328
220 -0.37818 0.399407 0.870901 0.00267806 0.993792 -0.00249425 0.111191
221 -0.379108 0.396662 0.872128 0.00280012 0.994864 -0.000841857 0.10118
222 -0.380839 0.398037 0.870912 0.00246603 0.99584 -0.00168025 0.0910697
225 -0.381446 0.39441 0.871986 0.00327878 0.998012 0.000469074 0.0629337
227 -0.387175 0.38872 0.873589 0.00274719 0.999497 0.00351579 0.0314033
228 -0.387771 0.39117 0.873432 0.00312561 0.999957 0.00270296 0.00829648
229 -0.39048 0.390641 0.870378 0.00296102 0.99977 0.00240718 -0.021126
230 -0.390499 0.391884 0.869789 0.00321198 0.998906 0.00163033 -0.0466199
231 -0.390447 0.39283 0.869874 0.00353524 0.997415 0.00120043 -0.0717525
232 -0.391178 0.393045 0.869603 0.00377571 0.994698 0.00105364 -0.102766
233 -0.42823 0.407335 0.883134 -0.00216608 0.994388 -0.00467698 -0.105673
234 -0.423096 0.399909 0.878921 -0.000522623 0.990874 -0.00136536 -0.134783
235 -0.435311 0.404601 0.882229 -0.00183893 0.989268 -0.00363292 -0.146052
238 -0.414403 0.399347 0.869829 0.00155732 0.983779 -0.00226016 -0.179363
239 -0.422055 0.393231 0.879232 0.000116477 0.983827 0.00249667 -0.179102
242 -0.439399 0.405114 0.875543 -0.000881063 0.9838 -0.00452099 -0.17921
243 -0.426408 0.406032 0.870001 0.000480612 0.982297 -0.00569431 -0.187245
246 -0.441091 0.404203 0.879178 -0.000111897 0.983971 -0.00397902 -0.178286
254 -0.444363 0.408805 0.860672 0.000429082 0.982795 -0.00753744 -0.184547
258 -0.444957 0.404661 0.856505 -0.00052745 0.983384 -0.00514134 -0.181466
267 -0.427619 0.404777 0.847568 0.000487606 0.990865 -0.00541317 -0.134746
283 -0.431313 0.402636 0.845573 -0.000394747 0.993667 -0.00384479 -0.112299
284 -0.431229 0.396574 0.852121 -0.00077426 0.993658 0.000825599 -0.11244
285 -0.431555 0.40312 0.843781 -0.000504078 0.993496 -0.00384905 -0.113802
288 -0.438294 0.405419 0.84444 -0.00140772 0.99472 -0.00512165 -0.102485
289 -0.444896 0.411336 0.850501 -0.00350907 0.995743 -0.0073946 -0.0918039
290 -0.431389 0.4059 0.841732 -0.000911828 0.995542 -0.00570821 -0.0941446
291 -0.432501 0.394653 0.850652 -0.00114772 0.99606 0.00208965 -0.0886529
294 -0.408849 0.393384 0.838315 0.00296408 0.99617 0.000920466 -0.0873784
295 -0.408025 0.398354 0.836918 0.00314412 0.996229 -0.00189769 -0.0866891
326 -0.436108 0.40128 0.793891 -0.000136595 0.994669 -0.00317874 -0.103073
330 -0.45506 0.401453 0.793326 -0.00149965 0.995273 -0.00308175 -0.0970564
333 -0.440843 0.404513 0.778737 -0.000344874 0.994342 -0.00553706 -0.106077
345 -0.441545 0.401113 0.761084 0.00040623 0.992768 -0.00362439 -0.119992
350 -0.4512 0.404543 0.75762 -0.000599953 0.992102 -0.00560663 -0.125304
357 -0.455226 0.403303 0.751372 -0.000967313 0.990926 -0.0048332 -0.134318
358 -0.44654 0.402017 0.746702 0.000445591 0.989884 -0.00444696 -0.141808
364 -0.457355 0.402169 0.740649 -0.000740662 0.989754 -0.00420299 -0.142722
370 -0.453957 0.402028 0.730639 0.000498774 0.986938 -0.00409001 -0.161049
375 -0.452985 0.400639 0.725116 0.00110962 0.98452 -0.00376908 -0.175231
379 -0.471053 0.401016 0.724597 -0.000503665 0.984828 -0.00365736 -0.173495
390 -0.462794 0.401686 0.69782 0.00167489 0.981957 -0.00502799 -0.18903
436 -0.467787 0.403371 0.712783 -0.00015488 0.98644 -0.00559948 -0.164029
447 -0.462386 0.400437 0.724151 0.00047051 0.983865 -0.00419454 -0.178863
460 -0.455005 0.400787 0.731435 0.00180956 0.977941 -0.00393398 -0.208835
464 -0.466603 0.405794 0.737326 -0.00163033 0.976412 -0.00574367 -0.215834
465 -0.466775 0.40563 0.737925 -0.00169268 0.975955 -0.00557652 -0.217894
479 -0.467092 0.405245 0.743533 -0.00109964 0.969696 -0.00538703 -0.244254
481 -0.463803 0.402004 0.744965 -0.000510859 0.967126 -0.00335855 -0.254274
482 -0.459614 0.404735 0.742032 0.000106769 0.965819 -0.00531686 -0.259163
497 -0.439937 0.36746 0.758141 -5.35632e-06 0.98845 0.0194709 -0.150295
502 -0.457089 0.40474 0.753855 -0.00248042 0.996322 -0.00519112 -0.0854905
504 -0.442647 0.40095 0.751027 -0.000348462 0.996726 -0.00336471 -0.0807799
505 -0.447974 0.401995 0.753301 -0.00108958 0.997655 -0.00391701 -0.0683228
507 -0.4392 0.400231 0.751962 -0.000331277 0.998301 -0.00293931 -0.0581901
509 -0.441252 0.402818 0.752265 -0.000436229 0.99863 -0.00453264 -0.0521382
517 -0.438033 0.401423 0.75312 -0.000625424 0.999338 -0.00374371 -0.0361771
520 -0.455245 0.408576 0.75752 -0.00448072 0.999716 -0.00664415 -0.0224635
523 -0.427661 0.405319 0.7486 0.00161443 0.999484 -0.00733754 -0.0312232
525 -0.424922 0.413791 0.744564 0.00195134 0.999864 -0.0133001 -0.009534
526 -0.423878 0.416579 0.743262 0.00187656 0.999882 -0.0152055 -0.00142544
527 -0.423139 0.413939 0.745346 0.00208636 0.999903 -0.0133769 0.00317853
528 -0.420579 0.411847 0.746325 0.00258884 0.999919 -0.0119757 0.00344915
547 -0.420125 0.418125 0.745198 0.00151428 0.999152 -0.0163657 0.0377481
550 -0.419428 0.39382 0.765473 0.00182234 0.994016 0.000930168 0.109215
552 -0.415273 0.39565 0.769257 0.00120866 0.98515 -0.00074612 0.171688
554 -0.401047 0.388647 0.789427 0.0057429 0.971004 0.0051931 0.238936
555 -0.408909 0.393618 0.784503 0.0022273 0.959799 0.000973154 0.280678
556 -0.407647 0.393755 0.789096 0.0020833 0.94576 0.000754258 0.324859
557 -0.4084 0.393211 0.79171 0.00178573 0.934006 0.000903487 0.357251
561 -0.409457 0.391462 0.80622 0.00100007 0.880274 0.00150561 0.474461
563 -0.416394 0.37196 0.817431 -0.00716311 0.858492 0.00939378 0.51269
570 -0.42092 0.382669 0.828468 -0.00215041 0.760196 0.00520012 0.649669
572 -0.424277 0.376549 0.828972 -0.00449567 0.734264 0.00787844 0.678804
576 -0.424108 0.382994 0.83244 -0.00201138 0.717297 0.00492259 0.696747
581 -0.425545 0.382529 0.835957 -0.00187818 0.702468 0.00526842 0.711693
583 -0.428532 0.372903 0.830837 -0.00536501 0.689075 0.00941698 0.724609
586 -0.427506 0.381706 0.835675 -0.00226479 0.687021 0.00542151 0.726614
594 -0.436061 0.38148 0.837891 -0.00210714 0.673346 0.00566525 0.739303
598 -0.440062 0.379203 0.837177 -0.00293433 0.665663 0.00663425 0.746217
599 -0.441586 0.377837 0.837198 -0.00243024 0.66331 0.00676675 0.74831
607 -0.448696 0.380045 0.835834 -0.002516 0.679442 0.00629688 0.733698
609 -0.450234 0.390074 0.834469 0.000513724 0.704187 0.00158609 0.710013
613 -0.460703 0.383475 0.829139 -0.00183584 0.730141 0.00455726 0.683279
615 -0.461282 0.397246 0.835501 0.00355732 0.739598 -0.000914978 0.673038
619 -0.471531 0.377586 0.826968 -0.00403259 0.738265 0.00688352 0.674464
641 -0.509919 0.384438 0.83644 -0.00119415 0.752364 0.00429509 0.658732
642 -0.513716 0.381999 0.832302 -0.00242642 0.761051 0.00518581 0.648667
649 -0.51282 0.392699 0.831203 0.00147248 0.770142 0.000915458 0.63787
657 -0.515645 0.386816 0.831526 -0.000601747 0.777106 0.00326359 0.629362
661 -0.518455 0.385683 0.830509 -0.0010168 0.779915 0.00365477 0.625874
662 -0.5195 0.383505 0.831559 -0.00185983 0.78125 0.00443364 0.6242
674 -0.518519 0.391228 0.828522 0.000988893 0.791852 0.0013966 0.610711
681 -0.521457 0.389552 0.826683 0.000173226 0.800355 0.00207545 0.599522
683 -0.520123 0.39256 0.826414 0.00143448 0.803564 0.00103557 0.595215
689 -0.526705 0.369626 0.834639 -0.00641612 0.813465 0.00995984 0.581493
693 -0.529865 0.383999 0.828885 -0.00229569 0.821958 0.00404062 0.569529
695 -0.530105 0.390494 0.826411 0.000597609 0.824982 0.00180657 0.565155
701 -0.535223 0.39145 0.826368 0.000774473 0.833974 0.00146477 0.551802
704 -0.538288 0.391337 0.82587 0.000674434 0.839675 0.00151469 0.543087
705 -0.540413 0.390261 0.823872 -0.000168062 0.841836 0.00183949 0.53973
706 -0.538655 0.391884 0.827443 0.00116236 0.84407 0.00139352 0.53623
711 -0.543158 0.392821 0.826595 0.00141171 0.85413 0.000684969 0.520057
712 -0.544735 0.391926 0.825002 0.00090867 0.855833 0.00127031 0.51725
716 -0.548477 0.391022 0.825057 0.000596865 0.865681 0.00164399 0.500593
721 -0.550722 0.390643 0.825767 0.000602339 0.872805 0.00191225 0.488065
722 -0.551789 0.390539 0.82549 0.000381842 0.873737 0.00192791 0.486394
732 -0.55555 0.39126 0.82574 0.000585936 0.881402 0.00168925 0.472363
738 -0.557524 0.391061 0.82525 0.000537053 0.884082 0.00152506 0.467329
746 -0.558374 0.391406 0.827699 0.000912727 0.88746 0.00147603 0.460882
847 -0.60123 0.3831 0.86986 -0.00188889 0.814101 0.00444817 0.580704
848 -0.602178 0.382526 0.870519 -0.00214328 0.805456 0.00460568 0.592634
849 -0.599911 0.387987 0.875239 3.66128e-05 0.792897 0.00276232 0.609349
850 -0.601959 0.386655 0.874334 -0.000661092 0.781659 0.00300446 0.623698
851 -0.598685 0.395743 0.877008 0.00260663 0.768772 -0.000260016 0.639518
852 -0.604573 0.382353 0.878927 -0.00201253 0.762637 0.00467662 0.646807
854 -0.606289 0.378547 0.882288 -0.00288439 0.751275 0.00611548 0.659955
855 -0.607043 0.377192 0.878913 -0.00348894 0.744271 0.00631733 0.667839
856 -0.605227 0.385176 0.882532 -0.000822962 0.742041 0.0036135 0.670344
861 -0.608091 0.374882 0.873598 -0.00451081 0.734397 0.00693884 0.67867
870 -0.613325 0.392825 0.88008 0.00128325 0.746841 0.000654445 0.665001
887 -0.624722 0.382213 0.87953 -0.00195505 0.771037 0.00464174 0.63677
910 -0.626023 0.374936 0.890115 -0.00343819 0.738342 0.00770167 0.674374
911 -0.628059 0.365228 0.882809 -0.00700385 0.72276 0.0104342 0.690985
912 -0.625109 0.377074 0.886149 -0.00313201 0.708417 0.00639582 0.705758
913 -0.624381 0.380534 0.889009 -0.00196178 0.685971 0.00518068 0.727608
914 -0.626461 0.371923 0.891275 -0.00412418 0.663273 0.00852021 0.748318
915 -0.624577 0.381946 0.893415 -0.00137962 0.649769 0.00471258 0.760116
916 -0.62328 0.37589 0.890088 -0.00320277 0.627322 0.00624963 0.778728
917 -0.627822 0.382862 0.901043 -0.000844136 0.610982 0.00488338 0.791629
918 -0.620077 0.403289 0.901836 0.00416095 0.596179 -0.00370145 0.802832
919 -0.625425 0.371672 0.893852 -0.00402462 0.574266 0.00791725 0.818621
920 -0.633716 0.36909 0.903859 -0.00417143 0.565348 0.0102152 0.824779
922 -0.636428 0.368382 0.910283 -0.00363217 0.544112 0.0110514 0.838932
923 -0.637162 0.376558 0.915983 -0.00158814 0.537646 0.00810081 0.84313
944 -0.628378 0.377155 0.876931 -0.00387531 0.78783 0.00627066 0.615848
945 -0.623694 0.39129 0.872826 0.000940578 0.809432 0.00134659 0.587212
946 -0.631801 0.346046 0.882986 -0.0139603 0.829225 0.0162989 0.558503
947 -0.628152 0.394433 0.862616 0.00156096 0.848401 0.000426869 0.529351
949 -0.629582 0.393294 0.863246 0.00153297 0.883538 0.0013719 0.468355
950 -0.637964 0.391756 0.856372 -6.56929e-05 0.901283 0.00176571 0.433228
951 -0.632571 0.391291 0.854403 0.000495538 0.915566 0.0015829 0.402164
952 -0.642911 0.392191 0.847083 0.000155134 0.937778 0.00122447 0.347233
953 -0.63585 0.391475 0.853192 0.00095908 0.956024 0.00199489 0.293281
955 -0.640558 0.390631 0.850542 0.00164087 0.977764 0.00282049 0.209685
959 -0.644833 0.398706 0.844068 0.000272945 0.983919 -0.00214769 0.178605
960 -0.64584 0.387462 0.848005 0.00142181 0.984514 0.00428943 0.175246
961 -0.644044 0.39211 0.848716 0.00151327 0.985763 0.00204414 0.16812
965 -0.645999 0.387917 0.848544 0.00167065 0.989249 0.00426122 0.146169
974 -0.646575 0.391968 0.847927 0.00151734 0.990171 0.00229798 0.139833
977 -0.648602 0.38943 0.846989 0.00117556 0.991223 0.0032618 0.132152
978 -0.653612 0.399772 0.838192 -0.000666336 0.991255 -0.00343699 0.131911
982 -0.651093 0.394256 0.842746 0.00116375 0.993372 0.000609841 0.114935
983 -0.650741 0.39822 0.841481 0.000810513 0.994211 -0.00177962 0.107428
986 -0.65063 0.395018 0.84293 0.00174037 0.995926 0.000171787 0.090154
1019 -0.641961 0.392101 0.843727 2.53851e-05 0.969884 0.000742422 0.243565
1020 -0.639849 0.397842 0.842917 -0.000171291 0.967384 -0.00221575 0.253305
1054 -0.64961 0.398867 0.838657 -0.00157927 0.978554 -0.0031668 0.205961
1085 -0.652296 0.397285 0.842033 0.0015212 0.997772 -0.00120486 0.0666835
1087 -0.659407 0.401233 0.83745 0.000178185 0.998659 -0.00398818 0.0516234
1091 -0.654984 0.394601 0.843205 0.00214948 0.99974 0.000557699 0.0227117
1093 -0.668219 0.392568 0.839229 0.000538941 0.999929 0.00154251 0.0118393
1094 -0.655803 0.39014 0.844517 0.00390228 0.999982 0.00293189 -0.00341963
1096 -0.654228 0.399164 0.838752 0.00198264 0.999552 -0.00264806 -0.029749
1098 -0.653316 0.400159 0.838399 0.00263246 0.99864 -0.00327599 -0.051969
1103 -0.619283 0.394055 0.842009 0.00706501 0.997733 0.000838222 -0.0669128
1110 -0.659779 0.397339 0.839153 0.00275026 0.999987 -0.00182394 -0.0037601
1116 -0.656251 0.395091 0.842753 0.00205467 0.999912 0.00025807 0.0130915
1120 -0.655262 0.400484 0.838497 -2.15496e-06 0.995662 -0.00351575 0.0929818
1131 -0.63827 0.392226 0.855797 0.000735916 0.921124 0.00177084 0.389264
1136 -0.626927 0.395927 0.864697 0.00207982 0.896809 0.000447816 0.442414
1138 -0.631516 0.389108 0.857355 -0.000243223 0.88852 0.00224875 0.458832
1140 -0.629973 0.393006 0.861558 0.00125397 0.887601 0.00138082 0.460609
1141 -0.634589 0.39034 0.858103 -0.000230651 0.886929 0.00220902 0.4619
1149 -0.629737 0.391578 0.857934 0.000882423 0.918252 0.00163246 0.395992
1154 -0.634273 0.399699 0.865285 -0.00117604 0.904849 -0.0010147 0.425731
1155 -0.625802 0.397595 0.855437 0.00200127 0.899598 -0.000832326 0.436714
1164 -0.629441 0.39123 0.859019 0.00037375 0.87265 0.00145823 0.488344
1170 -0.628178 0.380148 0.868994 -0.00284449 0.865062 0.00526934 0.50163
1171 -0.628403 0.39034 0.860909 0.000121446 0.860395 0.00170874 0.509625
1183 -0.626531 0.391206 0.864575 0.000697412 0.850573 0.00163688 0.525854
1186 -0.623663 0.391682 0.867854 0.0010159 0.844624 0.00151019 0.535356
1209 -0.630998 0.367866 0.87464 -0.00731723 0.782027 0.0092015 0.623134
1224 -0.624551 0.382078 0.876908 -0.002 0.794679 0.00479842 0.607007
1235 -0.630143 0.390322 0.856479 -0.00032045 0.86364 0.00139044 0.504107
1236 -0.631429 0.389504 0.855473 -0.000779337 0.864901 0.00163492 0.501939
1252 -0.645245 0.399673 0.850709 -0.000460506 0.969914 -0.00178154 0.243441
